2018-07-28 12:53:48,394-[YZT] [INFO] main com.yzt.logic.util.ProjectInfoPropertyUtil - 加载properties文件内容完成...........
2018-07-28 12:53:48,441-[YZT] [INFO] main com.yzt.logic.util.redis.MyRedis - redis 初始化完成
2018-07-28 12:53:48,721-[YZT] [INFO] main com.yzt.logic.util.CreateInterfacedFile - 生成中·········生成接口文档在桌面·······我日桌面不给生成 扔D盘了
2018-07-28 12:53:49,388-[YZT] [WARN] pool-3-thread-1 io.netty.bootstrap.ServerBootstrap - Unknown channel option 'TCP_NODELAY' for channel '[id: 0x83acd55f]'
2018-07-28 12:53:49,400-[YZT] [INFO] pool-3-thread-1 io.netty.channel.ChannelInboundHandlerAdapter - webSocket server startup with port 8244
2018-07-28 12:54:28,832-[YZT] [INFO] nioEventLoopGroup-3-1 com.yzt.logic.mj.adapter.MJLogicAdapter - 新客户端接入，id为9b2ffcf1,当前连接数为：1
2018-07-28 12:54:28,861-[YZT] [INFO] pool-4-thread-1 com.yzt.logic.mj.executer.Executer - [100999-RECEIVE_DATE]:{interfaceId=100999}
2018-07-28 12:54:28,869-[YZT] [INFO] pool-4-thread-1 com.yzt.logic.mj.executer.Executer - 请求处理时间：9
2018-07-28 12:54:28,875-[YZT] [INFO] pool-4-thread-2 com.yzt.logic.mj.executer.Executer - [100100-RECEIVE_DATE]:{openId=wsw-20, interfaceId=100100, cId=46}
2018-07-28 12:54:28,886-[YZT] [INFO] pool-4-thread-2 com.yzt.logic.mj.dao.UserMapper - sql name ==>>com.yzt.logic.mj.dao.UserMapper.getNotice
2018-07-28 12:54:31,518-[YZT] [INFO] pool-4-thread-2 com.yzt.logic.mj.function.TCPGameFunctions - [100100-SEND_DATA]:{currentUser={userImg=http://47.93.61.29:8086/headimg/718940.jpg, gender=1, ip=192.168.1.156, userName=wsw-20, userId=718940, playStatus=1, userAgree=1, score=null, money=9924, ting=0, position=null, state=1, notice=桦甸麻将本地测试}}
2018-07-28 12:54:31,520-[YZT] [INFO] pool-4-thread-2 com.yzt.logic.mj.executer.Executer - 请求处理时间：2645
2018-07-28 12:54:31,524-[YZT] [INFO] pool-4-thread-3 com.yzt.logic.mj.executer.Executer - [100008-RECEIVE_DATE]:{interfaceId=100008, userId=718940, roomId=229998}
2018-07-28 12:54:31,525-[YZT] [INFO] pool-4-thread-3 com.yzt.logic.mj.function.TCPGameFunctions - 加入房间,interfaceId -> 100008
2018-07-28 12:54:31,547-[YZT] [INFO] pool-4-thread-3 com.yzt.logic.mj.function.TCPGameFunctions - [100008-SEND_DATA]:{reqState=4}
2018-07-28 12:54:31,547-[YZT] [INFO] pool-4-thread-3 com.yzt.logic.mj.executer.Executer - 请求处理时间：23
2018-07-28 12:54:36,564-[YZT] [INFO] pool-4-thread-4 com.yzt.logic.mj.executer.Executer - [100007-RECEIVE_DATE]:{baoLouHu=2, playType=1, interfaceId=100007, userId=718940, roomType=1, playerNum=4, circleNum=2}
2018-07-28 12:54:36,571-[YZT] [INFO] pool-4-thread-4 com.yzt.logic.mj.function.TCPGameFunctions - 创建房间,interfaceId -> 100007
2018-07-28 12:54:36,577-[YZT] [INFO] pool-4-thread-4 com.yzt.logic.mj.function.TCPGameFunctions - [100007-SEND_DATA]:{userInfo={position=3}, reqState=1, roomInfo={baoLouHu=2, playType=1, state=1, userId=718940, roomType=1, roomId=605742, playerNum=4, circleNum=2}}
2018-07-28 12:54:36,604-[YZT] [INFO] pool-4-thread-4 com.yzt.logic.mj.executer.Executer - 请求处理时间：41
2018-07-28 12:54:40,081-[YZT] [INFO] nioEventLoopGroup-3-2 com.yzt.logic.mj.adapter.MJLogicAdapter - 新客户端接入，id为d3128cbd,当前连接数为：2
2018-07-28 12:54:40,087-[YZT] [INFO] pool-4-thread-5 com.yzt.logic.mj.executer.Executer - [100999-RECEIVE_DATE]:{interfaceId=100999}
2018-07-28 12:54:40,090-[YZT] [INFO] pool-4-thread-5 com.yzt.logic.mj.executer.Executer - 请求处理时间：4
2018-07-28 12:54:40,095-[YZT] [INFO] pool-4-thread-6 com.yzt.logic.mj.executer.Executer - [100100-RECEIVE_DATE]:{openId=wsw-21, interfaceId=100100, cId=46}
2018-07-28 12:54:40,242-[YZT] [INFO] pool-4-thread-6 com.yzt.logic.mj.function.TCPGameFunctions - [100100-SEND_DATA]:{currentUser={userImg=http://47.93.61.29:8086/headimg/406141.jpg, gender=1, ip=192.168.1.156, userName=wsw-21, userId=406141, playStatus=1, userAgree=1, score=null, money=9995, ting=0, position=null, state=1, notice="桦甸麻将本地测试"}}
2018-07-28 12:54:40,243-[YZT] [INFO] pool-4-thread-6 com.yzt.logic.mj.executer.Executer - 请求处理时间：149
2018-07-28 12:54:40,252-[YZT] [INFO] pool-4-thread-7 com.yzt.logic.mj.executer.Executer - [100008-RECEIVE_DATE]:{interfaceId=100008, userId=406141, roomId=605742}
2018-07-28 12:54:40,253-[YZT] [INFO] pool-4-thread-7 com.yzt.logic.mj.function.TCPGameFunctions - 加入房间,interfaceId -> 100008
2018-07-28 12:54:40,256-[YZT] [INFO] pool-4-thread-7 com.yzt.logic.mj.function.TCPGameFunctions - [100008-SEND_DATA]:{userInfo=[{"playStatus":2,"userImg":"http://47.93.61.29:8086/headimg/406141.jpg","gender":"1","ip":"192.168.1.156","position":1,"state":1,"userName":"wsw-21","userId":406141},{"playStatus":2,"userImg":"http://47.93.61.29:8086/headimg/718940.jpg","gender":"1","ip":"192.168.1.156","position":3,"state":1,"userName":"wsw-20","userId":718940}], baoLouHu=2, reqState=1, playType=1, userId=718940, roomId=605742, roomType=1, circleNum=2, playerNum=4}
2018-07-28 12:54:40,259-[YZT] [INFO] pool-4-thread-7 com.yzt.logic.mj.function.TCPGameFunctions - [100008-SEND_DATA]:{"userImg":"http://47.93.61.29:8086/headimg/406141.jpg","gender":"1","ip":"192.168.1.156","position":1,"userName":"wsw-21","userId":406141}
2018-07-28 12:54:40,260-[YZT] [INFO] pool-4-thread-7 com.yzt.logic.mj.executer.Executer - 请求处理时间：8
2018-07-28 12:54:40,401-[YZT] [INFO] pool-4-thread-8 com.yzt.logic.mj.executer.Executer - [100200-RECEIVE_DATE]:{interfaceId=100200, userId=406141, roomId=605742}
2018-07-28 12:54:40,408-[YZT] [INFO] pool-4-thread-8 com.yzt.logic.mj.function.TCPGameFunctions - 准备,interfaceId -> 100200
2018-07-28 12:54:40,410-[YZT] [INFO] pool-4-thread-8 com.yzt.logic.mj.function.TCPGameFunctions - [100200-SEND_DATA]:{userInfo=[{playStatus=3, piao=1, userId=406141}, {playStatus=2, piao=1, userId=718940}], roomInfo={state=1}}
2018-07-28 12:54:40,411-[YZT] [INFO] pool-4-thread-8 com.yzt.logic.mj.function.TCPGameFunctions - [100200-SEND_DATA]:{userInfo=[{playStatus=3, piao=1, userId=406141}, {playStatus=2, piao=1, userId=718940}], roomInfo={state=1}}
2018-07-28 12:54:40,413-[YZT] [INFO] pool-4-thread-8 com.yzt.logic.mj.executer.Executer - 请求处理时间：12
2018-07-28 12:54:41,153-[YZT] [INFO] nioEventLoopGroup-3-3 com.yzt.logic.mj.adapter.MJLogicAdapter - 新客户端接入，id为d1dac605,当前连接数为：3
2018-07-28 12:54:41,158-[YZT] [INFO] pool-4-thread-9 com.yzt.logic.mj.executer.Executer - [100999-RECEIVE_DATE]:{interfaceId=100999}
2018-07-28 12:54:41,164-[YZT] [INFO] pool-4-thread-9 com.yzt.logic.mj.executer.Executer - 请求处理时间：6
2018-07-28 12:54:41,168-[YZT] [INFO] pool-4-thread-10 com.yzt.logic.mj.executer.Executer - [100100-RECEIVE_DATE]:{openId=wsw-22, interfaceId=100100, cId=46}
2018-07-28 12:54:41,306-[YZT] [INFO] pool-4-thread-10 com.yzt.logic.mj.function.TCPGameFunctions - [100100-SEND_DATA]:{currentUser={userImg=http://47.93.61.29:8086/headimg/321873.jpg, gender=1, ip=192.168.1.156, userName=wsw-22, userId=321873, playStatus=1, userAgree=1, score=null, money=9999, ting=0, position=null, state=1, notice="桦甸麻将本地测试"}}
2018-07-28 12:54:41,307-[YZT] [INFO] pool-4-thread-10 com.yzt.logic.mj.executer.Executer - 请求处理时间：139
2018-07-28 12:54:41,327-[YZT] [INFO] pool-4-thread-11 com.yzt.logic.mj.executer.Executer - [100008-RECEIVE_DATE]:{interfaceId=100008, userId=321873, roomId=605742}
2018-07-28 12:54:41,328-[YZT] [INFO] pool-4-thread-11 com.yzt.logic.mj.function.TCPGameFunctions - 加入房间,interfaceId -> 100008
2018-07-28 12:54:41,331-[YZT] [INFO] pool-4-thread-11 com.yzt.logic.mj.function.TCPGameFunctions - [100008-SEND_DATA]:{userInfo=[{"playStatus":3,"userImg":"http://47.93.61.29:8086/headimg/406141.jpg","gender":"1","ip":"192.168.1.156","position":1,"state":1,"userName":"wsw-21","userId":406141},{"playStatus":2,"userImg":"http://47.93.61.29:8086/headimg/718940.jpg","gender":"1","ip":"192.168.1.156","position":3,"state":1,"userName":"wsw-20","userId":718940},{"playStatus":2,"userImg":"http://47.93.61.29:8086/headimg/321873.jpg","gender":"1","ip":"192.168.1.156","position":4,"state":1,"userName":"wsw-22","userId":321873}], baoLouHu=2, reqState=1, playType=1, userId=718940, roomId=605742, roomType=1, circleNum=2, playerNum=4}
2018-07-28 12:54:41,333-[YZT] [INFO] pool-4-thread-11 com.yzt.logic.mj.function.TCPGameFunctions - [100008-SEND_DATA]:{"userImg":"http://47.93.61.29:8086/headimg/321873.jpg","gender":"1","ip":"192.168.1.156","position":4,"userName":"wsw-22","userId":321873}
2018-07-28 12:54:41,334-[YZT] [INFO] pool-4-thread-11 com.yzt.logic.mj.function.TCPGameFunctions - [100008-SEND_DATA]:{"userImg":"http://47.93.61.29:8086/headimg/321873.jpg","gender":"1","ip":"192.168.1.156","position":4,"userName":"wsw-22","userId":321873}
2018-07-28 12:54:41,335-[YZT] [INFO] pool-4-thread-11 com.yzt.logic.mj.executer.Executer - 请求处理时间：9
2018-07-28 12:54:41,449-[YZT] [INFO] pool-4-thread-12 com.yzt.logic.mj.executer.Executer - [100200-RECEIVE_DATE]:{interfaceId=100200, userId=321873, roomId=605742}
2018-07-28 12:54:41,449-[YZT] [INFO] pool-4-thread-12 com.yzt.logic.mj.function.TCPGameFunctions - 准备,interfaceId -> 100200
2018-07-28 12:54:41,451-[YZT] [INFO] pool-4-thread-12 com.yzt.logic.mj.function.TCPGameFunctions - [100200-SEND_DATA]:{userInfo=[{playStatus=3, piao=1, userId=406141}, {playStatus=2, piao=1, userId=718940}, {playStatus=3, piao=1, userId=321873}], roomInfo={state=1}}
2018-07-28 12:54:41,452-[YZT] [INFO] pool-4-thread-12 com.yzt.logic.mj.function.TCPGameFunctions - [100200-SEND_DATA]:{userInfo=[{playStatus=3, piao=1, userId=406141}, {playStatus=2, piao=1, userId=718940}, {playStatus=3, piao=1, userId=321873}], roomInfo={state=1}}
2018-07-28 12:54:41,452-[YZT] [INFO] pool-4-thread-12 com.yzt.logic.mj.function.TCPGameFunctions - [100200-SEND_DATA]:{userInfo=[{playStatus=3, piao=1, userId=406141}, {playStatus=2, piao=1, userId=718940}, {playStatus=3, piao=1, userId=321873}], roomInfo={state=1}}
2018-07-28 12:54:41,457-[YZT] [INFO] pool-4-thread-12 com.yzt.logic.mj.executer.Executer - 请求处理时间：8
2018-07-28 12:54:42,356-[YZT] [INFO] nioEventLoopGroup-3-4 com.yzt.logic.mj.adapter.MJLogicAdapter - 新客户端接入，id为56bc2916,当前连接数为：4
2018-07-28 12:54:42,359-[YZT] [INFO] pool-4-thread-13 com.yzt.logic.mj.executer.Executer - [100999-RECEIVE_DATE]:{interfaceId=100999}
2018-07-28 12:54:42,360-[YZT] [INFO] pool-4-thread-13 com.yzt.logic.mj.executer.Executer - 请求处理时间：1
2018-07-28 12:54:42,364-[YZT] [INFO] pool-4-thread-14 com.yzt.logic.mj.executer.Executer - [100100-RECEIVE_DATE]:{openId=wsw-23, interfaceId=100100, cId=46}
2018-07-28 12:54:42,526-[YZT] [INFO] pool-4-thread-14 com.yzt.logic.mj.function.TCPGameFunctions - [100100-SEND_DATA]:{currentUser={userImg=http://47.93.61.29:8086/headimg/367381.jpg, gender=1, ip=192.168.1.156, userName=wsw-23, userId=367381, playStatus=1, userAgree=1, score=null, money=9999, ting=0, position=null, state=1, notice="桦甸麻将本地测试"}}
2018-07-28 12:54:42,527-[YZT] [INFO] pool-4-thread-14 com.yzt.logic.mj.executer.Executer - 请求处理时间：163
2018-07-28 12:54:42,530-[YZT] [INFO] pool-4-thread-15 com.yzt.logic.mj.executer.Executer - [100008-RECEIVE_DATE]:{interfaceId=100008, userId=367381, roomId=605742}
2018-07-28 12:54:42,530-[YZT] [INFO] pool-4-thread-15 com.yzt.logic.mj.function.TCPGameFunctions - 加入房间,interfaceId -> 100008
2018-07-28 12:54:42,532-[YZT] [INFO] pool-4-thread-15 com.yzt.logic.mj.function.TCPGameFunctions - [100008-SEND_DATA]:{userInfo=[{"playStatus":3,"userImg":"http://47.93.61.29:8086/headimg/406141.jpg","gender":"1","ip":"192.168.1.156","position":1,"state":1,"userName":"wsw-21","userId":406141},{"playStatus":2,"userImg":"http://47.93.61.29:8086/headimg/367381.jpg","gender":"1","ip":"192.168.1.156","position":2,"state":1,"userName":"wsw-23","userId":367381},{"playStatus":2,"userImg":"http://47.93.61.29:8086/headimg/718940.jpg","gender":"1","ip":"192.168.1.156","position":3,"state":1,"userName":"wsw-20","userId":718940},{"playStatus":3,"userImg":"http://47.93.61.29:8086/headimg/321873.jpg","gender":"1","ip":"192.168.1.156","position":4,"state":1,"userName":"wsw-22","userId":321873}], baoLouHu=2, reqState=1, playType=1, userId=718940, roomId=605742, roomType=1, circleNum=2, playerNum=4}
2018-07-28 12:54:42,535-[YZT] [INFO] pool-4-thread-15 com.yzt.logic.mj.function.TCPGameFunctions - [100008-SEND_DATA]:{"userImg":"http://47.93.61.29:8086/headimg/367381.jpg","gender":"1","ip":"192.168.1.156","position":2,"userName":"wsw-23","userId":367381}
2018-07-28 12:54:42,536-[YZT] [INFO] pool-4-thread-15 com.yzt.logic.mj.function.TCPGameFunctions - [100008-SEND_DATA]:{"userImg":"http://47.93.61.29:8086/headimg/367381.jpg","gender":"1","ip":"192.168.1.156","position":2,"userName":"wsw-23","userId":367381}
2018-07-28 12:54:42,537-[YZT] [INFO] pool-4-thread-15 com.yzt.logic.mj.function.TCPGameFunctions - [100008-SEND_DATA]:{"userImg":"http://47.93.61.29:8086/headimg/367381.jpg","gender":"1","ip":"192.168.1.156","position":2,"userName":"wsw-23","userId":367381}
2018-07-28 12:54:42,539-[YZT] [INFO] pool-4-thread-15 com.yzt.logic.mj.executer.Executer - 请求处理时间：9
2018-07-28 12:54:42,633-[YZT] [INFO] pool-4-thread-16 com.yzt.logic.mj.executer.Executer - [100200-RECEIVE_DATE]:{interfaceId=100200, userId=367381, roomId=605742}
2018-07-28 12:54:42,634-[YZT] [INFO] pool-4-thread-16 com.yzt.logic.mj.function.TCPGameFunctions - 准备,interfaceId -> 100200
2018-07-28 12:54:42,635-[YZT] [INFO] pool-4-thread-16 com.yzt.logic.mj.function.TCPGameFunctions - [100200-SEND_DATA]:{userInfo=[{playStatus=3, piao=1, userId=406141}, {playStatus=3, piao=1, userId=367381}, {playStatus=2, piao=1, userId=718940}, {playStatus=3, piao=1, userId=321873}], roomInfo={state=1}}
2018-07-28 12:54:42,636-[YZT] [INFO] pool-4-thread-16 com.yzt.logic.mj.function.TCPGameFunctions - [100200-SEND_DATA]:{userInfo=[{playStatus=3, piao=1, userId=406141}, {playStatus=3, piao=1, userId=367381}, {playStatus=2, piao=1, userId=718940}, {playStatus=3, piao=1, userId=321873}], roomInfo={state=1}}
2018-07-28 12:54:42,639-[YZT] [INFO] pool-4-thread-16 com.yzt.logic.mj.function.TCPGameFunctions - [100200-SEND_DATA]:{userInfo=[{playStatus=3, piao=1, userId=406141}, {playStatus=3, piao=1, userId=367381}, {playStatus=2, piao=1, userId=718940}, {playStatus=3, piao=1, userId=321873}], roomInfo={state=1}}
2018-07-28 12:54:42,640-[YZT] [INFO] pool-4-thread-16 com.yzt.logic.mj.function.TCPGameFunctions - [100200-SEND_DATA]:{userInfo=[{playStatus=3, piao=1, userId=406141}, {playStatus=3, piao=1, userId=367381}, {playStatus=2, piao=1, userId=718940}, {playStatus=3, piao=1, userId=321873}], roomInfo={state=1}}
2018-07-28 12:54:42,642-[YZT] [INFO] pool-4-thread-16 com.yzt.logic.mj.executer.Executer - 请求处理时间：9
2018-07-28 12:54:43,672-[YZT] [INFO] pool-4-thread-1 com.yzt.logic.mj.executer.Executer - [100200-RECEIVE_DATE]:{interfaceId=100200, userId=718940, roomId=605742}
2018-07-28 12:54:43,672-[YZT] [INFO] pool-4-thread-1 com.yzt.logic.mj.function.TCPGameFunctions - 准备,interfaceId -> 100200
2018-07-28 12:54:43,674-[YZT] [INFO] pool-4-thread-1 com.yzt.logic.mj.function.TCPGameFunctions - [100200-SEND_DATA]:{userInfo=[{playStatus=3, piao=1, userId=406141}, {playStatus=3, piao=1, userId=367381}, {playStatus=3, piao=1, userId=718940}, {playStatus=3, piao=1, userId=321873}], roomInfo={state=6}}
2018-07-28 12:54:43,676-[YZT] [INFO] pool-4-thread-1 com.yzt.logic.mj.executer.Executer - 请求处理时间：4
2018-07-28 12:54:44,856-[YZT] [INFO] pool-4-thread-2 com.yzt.logic.mj.executer.Executer - [100202-RECEIVE_DATE]:{piao=4, interfaceId=100202, userId=718940, roomId=605742}
2018-07-28 12:54:44,858-[YZT] [INFO] pool-4-thread-2 com.yzt.logic.mj.function.TCPGameFunctions - [100202-SEND_DATA]:{userInfo=[{piao=1, userId=406141}, {piao=1, userId=367381}, {piao=4, userId=718940}, {piao=1, userId=321873}], num=1, roomInfo={state=6}}
2018-07-28 12:54:44,858-[YZT] [INFO] pool-4-thread-2 com.yzt.logic.mj.function.TCPGameFunctions - [100202-SEND_DATA]:{userInfo=[{piao=1, userId=406141}, {piao=1, userId=367381}, {piao=4, userId=718940}, {piao=1, userId=321873}], num=1, roomInfo={state=6}}
2018-07-28 12:54:44,859-[YZT] [INFO] pool-4-thread-2 com.yzt.logic.mj.function.TCPGameFunctions - [100202-SEND_DATA]:{userInfo=[{piao=1, userId=406141}, {piao=1, userId=367381}, {piao=4, userId=718940}, {piao=1, userId=321873}], num=1, roomInfo={state=6}}
2018-07-28 12:54:44,860-[YZT] [INFO] pool-4-thread-2 com.yzt.logic.mj.function.TCPGameFunctions - [100202-SEND_DATA]:{userInfo=[{piao=1, userId=406141}, {piao=1, userId=367381}, {piao=4, userId=718940}, {piao=1, userId=321873}], num=1, roomInfo={state=6}}
2018-07-28 12:54:44,862-[YZT] [INFO] pool-4-thread-2 com.yzt.logic.mj.executer.Executer - 请求处理时间：6
2018-07-28 12:54:45,606-[YZT] [INFO] pool-4-thread-3 com.yzt.logic.mj.executer.Executer - [100202-RECEIVE_DATE]:{piao=4, interfaceId=100202, userId=406141, roomId=605742}
2018-07-28 12:54:45,608-[YZT] [INFO] pool-4-thread-3 com.yzt.logic.mj.function.TCPGameFunctions - [100202-SEND_DATA]:{userInfo=[{piao=4, userId=406141}, {piao=1, userId=367381}, {piao=4, userId=718940}, {piao=1, userId=321873}], num=2, roomInfo={state=6}}
2018-07-28 12:54:45,609-[YZT] [INFO] pool-4-thread-3 com.yzt.logic.mj.function.TCPGameFunctions - [100202-SEND_DATA]:{userInfo=[{piao=4, userId=406141}, {piao=1, userId=367381}, {piao=4, userId=718940}, {piao=1, userId=321873}], num=2, roomInfo={state=6}}
2018-07-28 12:54:45,610-[YZT] [INFO] pool-4-thread-3 com.yzt.logic.mj.function.TCPGameFunctions - [100202-SEND_DATA]:{userInfo=[{piao=4, userId=406141}, {piao=1, userId=367381}, {piao=4, userId=718940}, {piao=1, userId=321873}], num=2, roomInfo={state=6}}
2018-07-28 12:54:45,611-[YZT] [INFO] pool-4-thread-3 com.yzt.logic.mj.function.TCPGameFunctions - [100202-SEND_DATA]:{userInfo=[{piao=4, userId=406141}, {piao=1, userId=367381}, {piao=4, userId=718940}, {piao=1, userId=321873}], num=2, roomInfo={state=6}}
2018-07-28 12:54:45,612-[YZT] [INFO] pool-4-thread-3 com.yzt.logic.mj.executer.Executer - 请求处理时间：6
2018-07-28 12:54:46,190-[YZT] [INFO] pool-4-thread-4 com.yzt.logic.mj.executer.Executer - [100202-RECEIVE_DATE]:{piao=4, interfaceId=100202, userId=367381, roomId=605742}
2018-07-28 12:54:46,192-[YZT] [INFO] pool-4-thread-4 com.yzt.logic.mj.function.TCPGameFunctions - [100202-SEND_DATA]:{userInfo=[{piao=4, userId=406141}, {piao=4, userId=367381}, {piao=4, userId=718940}, {piao=1, userId=321873}], num=3, roomInfo={state=6}}
2018-07-28 12:54:46,193-[YZT] [INFO] pool-4-thread-4 com.yzt.logic.mj.function.TCPGameFunctions - [100202-SEND_DATA]:{userInfo=[{piao=4, userId=406141}, {piao=4, userId=367381}, {piao=4, userId=718940}, {piao=1, userId=321873}], num=3, roomInfo={state=6}}
2018-07-28 12:54:46,194-[YZT] [INFO] pool-4-thread-4 com.yzt.logic.mj.function.TCPGameFunctions - [100202-SEND_DATA]:{userInfo=[{piao=4, userId=406141}, {piao=4, userId=367381}, {piao=4, userId=718940}, {piao=1, userId=321873}], num=3, roomInfo={state=6}}
2018-07-28 12:54:46,195-[YZT] [INFO] pool-4-thread-4 com.yzt.logic.mj.function.TCPGameFunctions - [100202-SEND_DATA]:{userInfo=[{piao=4, userId=406141}, {piao=4, userId=367381}, {piao=4, userId=718940}, {piao=1, userId=321873}], num=3, roomInfo={state=6}}
2018-07-28 12:54:46,197-[YZT] [INFO] pool-4-thread-4 com.yzt.logic.mj.executer.Executer - 请求处理时间：7
2018-07-28 12:54:46,972-[YZT] [INFO] pool-4-thread-5 com.yzt.logic.mj.executer.Executer - [100202-RECEIVE_DATE]:{piao=4, interfaceId=100202, userId=321873, roomId=605742}
2018-07-28 12:54:47,161-[YZT] [INFO] pool-5-thread-1 com.yzt.logic.mj.dao.UserMapper - sql name ==>> com.yzt.logic.mj.dao.UserMapper.getUserMoneyByUserId
2018-07-28 12:54:49,332-[YZT] [INFO] pool-4-thread-5 com.yzt.logic.mj.function.TCPGameFunctions - [100202-SEND_DATA]:{userInfo=[{piao=4, userId=406141}, {piao=4, userId=367381}, {piao=4, userId=718940}, {piao=4, userId=321873}], num=4, nextActionUserId=406141, nextAction=[501], roomInfo={state=2}, pais=[10, 24, 11, 26, 6, 24, 14, 14, 12, 21, 32, 26, 16, 12]}
2018-07-28 12:54:49,334-[YZT] [INFO] pool-4-thread-5 com.yzt.logic.mj.function.TCPGameFunctions - [100202-SEND_DATA]:{userInfo=[{piao=4, userId=406141}, {piao=4, userId=367381}, {piao=4, userId=718940}, {piao=4, userId=321873}], num=4, nextActionUserId=406141, nextAction=[501], roomInfo={state=2}, pais=[9, 7, 2, 19, 19, 7, 12, 10, 18, 6, 27, 13, 7]}
2018-07-28 12:54:49,335-[YZT] [INFO] pool-4-thread-5 com.yzt.logic.mj.function.TCPGameFunctions - [100202-SEND_DATA]:{userInfo=[{piao=4, userId=406141}, {piao=4, userId=367381}, {piao=4, userId=718940}, {piao=4, userId=321873}], num=4, nextActionUserId=406141, nextAction=[501], roomInfo={state=2}, pais=[15, 27, 2, 20, 6, 23, 2, 15, 23, 8, 5, 3, 9]}
2018-07-28 12:54:49,337-[YZT] [INFO] pool-4-thread-5 com.yzt.logic.mj.function.TCPGameFunctions - [100202-SEND_DATA]:{userInfo=[{piao=4, userId=406141}, {piao=4, userId=367381}, {piao=4, userId=718940}, {piao=4, userId=321873}], num=4, nextActionUserId=406141, nextAction=[501], roomInfo={state=2}, pais=[4, 32, 17, 4, 3, 4, 17, 23, 16, 4, 23, 22, 8]}
2018-07-28 12:54:49,341-[YZT] [INFO] pool-4-thread-5 com.yzt.logic.mj.executer.Executer - 请求处理时间：2369
2018-07-28 12:55:01,676-[YZT] [INFO] pool-4-thread-6 com.yzt.logic.mj.executer.Executer - [100201-RECEIVE_DATE]:{wsw_sole_action_id=1, action=32, interfaceId=100201, userId=406141, roomId=605742}
2018-07-28 12:55:01,676-[YZT] [INFO] pool-4-thread-6 com.yzt.logic.mj.function.TCPGameFunctions - 游戏内主逻辑,interfaceId -> 100201
2018-07-28 12:55:01,678-[YZT] [INFO] pool-4-thread-6 com.yzt.logic.mj.function.TCPGameFunctions - 1-34中的牌    出牌!!!
2018-07-28 12:55:01,678-[YZT] [INFO] pool-4-thread-6 com.yzt.logic.mj.function.TCPGameFunctions - 当前的宝牌0
2018-07-28 12:55:01,680-[YZT] [INFO] pool-4-thread-6 com.yzt.logic.mj.function.TCPGameFunctions - [100104-SEND_DATA]:{extra=null, nextActionUserId=367381, wsw_sole_action_id=2, action=32, state=2, nextAction=[-1], userId=406141, toUserId=null}
2018-07-28 12:55:01,681-[YZT] [INFO] pool-4-thread-6 com.yzt.logic.mj.function.TCPGameFunctions - [100104-SEND_DATA]:{extra=null, nextActionUserId=367381, wsw_sole_action_id=2, action=32, state=2, nextAction=[-1], userId=406141, toUserId=null}
2018-07-28 12:55:01,681-[YZT] [INFO] pool-4-thread-6 com.yzt.logic.mj.function.TCPGameFunctions - [100104-SEND_DATA]:{extra=null, nextActionUserId=367381, wsw_sole_action_id=2, action=32, state=2, nextAction=[-1], userId=406141, toUserId=null}
2018-07-28 12:55:01,682-[YZT] [INFO] pool-4-thread-6 com.yzt.logic.mj.function.TCPGameFunctions - [100104-SEND_DATA]:{extra=null, nextActionUserId=367381, wsw_sole_action_id=2, action=32, state=2, nextAction=[-1], userId=406141, toUserId=null}
2018-07-28 12:55:01,683-[YZT] [INFO] pool-4-thread-6 com.yzt.logic.mj.executer.Executer - 请求处理时间：7
2018-07-28 12:55:01,863-[YZT] [INFO] pool-4-thread-7 com.yzt.logic.mj.executer.Executer - [100201-RECEIVE_DATE]:{wsw_sole_action_id=2, action=-1, interfaceId=100201, userId=367381, roomId=605742}
2018-07-28 12:55:01,863-[YZT] [INFO] pool-4-thread-7 com.yzt.logic.mj.function.TCPGameFunctions - 游戏内主逻辑,interfaceId -> 100201
2018-07-28 12:55:01,872-[YZT] [INFO] pool-4-thread-7 com.yzt.logic.mj.function.TCPGameFunctions - -1 请求发牌!
2018-07-28 12:55:01,876-[YZT] [INFO] pool-4-thread-7 com.yzt.logic.mj.function.TCPGameFunctions - [100104-SEND_DATA]:{nextActionUserId=367381, wsw_sole_action_id=3, action=-1, state=2, nextAction=[501], userId=367381}
2018-07-28 12:55:01,877-[YZT] [INFO] pool-4-thread-7 com.yzt.logic.mj.function.TCPGameFunctions - [100104-SEND_DATA]:{extra=19, nextActionUserId=367381, wsw_sole_action_id=3, action=-1, state=2, nextAction=[501], userId=367381}
2018-07-28 12:55:01,878-[YZT] [INFO] pool-4-thread-7 com.yzt.logic.mj.function.TCPGameFunctions - [100104-SEND_DATA]:{nextActionUserId=367381, wsw_sole_action_id=3, action=-1, state=2, nextAction=[501], userId=367381}
2018-07-28 12:55:01,880-[YZT] [INFO] pool-4-thread-7 com.yzt.logic.mj.function.TCPGameFunctions - [100104-SEND_DATA]:{nextActionUserId=367381, wsw_sole_action_id=3, action=-1, state=2, nextAction=[501], userId=367381}
2018-07-28 12:55:01,880-[YZT] [INFO] pool-4-thread-7 com.yzt.logic.mj.executer.Executer - 请求处理时间：17
2018-07-28 12:55:01,899-[YZT] [INFO] pool-4-thread-8 com.yzt.logic.mj.executer.Executer - [999998-RECEIVE_DATE]:{interfaceId=999998, roomId=605742}
2018-07-28 12:55:01,900-[YZT] [INFO] pool-4-thread-8 com.yzt.logic.mj.function.TCPGameFunctions - [999998-SEND_DATA]:{"pais":[5,15,18,25,24,26,22,25,20,16,10,22,13,26,11,13,16,11,22,32,1,21,21,9,17,18,12,9,19,15,20,25,14,18,20,7,1,3,21,6,1,1,13,27,11,27,5,2,25,8,14,24,10,32,17,8,5]}
2018-07-28 12:55:01,902-[YZT] [INFO] pool-4-thread-8 com.yzt.logic.mj.executer.Executer - 请求处理时间：3
2018-07-28 12:55:03,668-[YZT] [INFO] pool-4-thread-9 com.yzt.logic.mj.executer.Executer - [100201-RECEIVE_DATE]:{wsw_sole_action_id=3, action=27, interfaceId=100201, userId=367381, roomId=605742}
2018-07-28 12:55:03,668-[YZT] [INFO] pool-4-thread-9 com.yzt.logic.mj.function.TCPGameFunctions - 游戏内主逻辑,interfaceId -> 100201
2018-07-28 12:55:03,670-[YZT] [INFO] pool-4-thread-9 com.yzt.logic.mj.function.TCPGameFunctions - 1-34中的牌    出牌!!!
2018-07-28 12:55:03,670-[YZT] [INFO] pool-4-thread-9 com.yzt.logic.mj.function.TCPGameFunctions - 当前的宝牌0
2018-07-28 12:55:03,672-[YZT] [INFO] pool-4-thread-9 com.yzt.logic.mj.function.TCPGameFunctions - [100104-SEND_DATA]:{extra=null, nextActionUserId=718940, wsw_sole_action_id=4, action=27, state=2, nextAction=[-1], userId=367381, toUserId=null}
2018-07-28 12:55:03,673-[YZT] [INFO] pool-4-thread-9 com.yzt.logic.mj.function.TCPGameFunctions - [100104-SEND_DATA]:{extra=null, nextActionUserId=718940, wsw_sole_action_id=4, action=27, state=2, nextAction=[-1], userId=367381, toUserId=null}
2018-07-28 12:55:03,673-[YZT] [INFO] pool-4-thread-9 com.yzt.logic.mj.function.TCPGameFunctions - [100104-SEND_DATA]:{extra=null, nextActionUserId=718940, wsw_sole_action_id=4, action=27, state=2, nextAction=[-1], userId=367381, toUserId=null}
2018-07-28 12:55:03,674-[YZT] [INFO] pool-4-thread-9 com.yzt.logic.mj.function.TCPGameFunctions - [100104-SEND_DATA]:{extra=null, nextActionUserId=718940, wsw_sole_action_id=4, action=27, state=2, nextAction=[-1], userId=367381, toUserId=null}
2018-07-28 12:55:03,675-[YZT] [INFO] pool-4-thread-9 com.yzt.logic.mj.executer.Executer - 请求处理时间：7
2018-07-28 12:55:03,857-[YZT] [INFO] pool-4-thread-10 com.yzt.logic.mj.executer.Executer - [100201-RECEIVE_DATE]:{wsw_sole_action_id=4, action=-1, interfaceId=100201, userId=718940, roomId=605742}
2018-07-28 12:55:03,857-[YZT] [INFO] pool-4-thread-10 com.yzt.logic.mj.function.TCPGameFunctions - 游戏内主逻辑,interfaceId -> 100201
2018-07-28 12:55:03,858-[YZT] [INFO] pool-4-thread-10 com.yzt.logic.mj.function.TCPGameFunctions - -1 请求发牌!
2018-07-28 12:55:03,860-[YZT] [INFO] pool-4-thread-10 com.yzt.logic.mj.function.TCPGameFunctions - [100104-SEND_DATA]:{nextActionUserId=718940, wsw_sole_action_id=5, action=-1, state=2, nextAction=[501], userId=718940}
2018-07-28 12:55:03,861-[YZT] [INFO] pool-4-thread-10 com.yzt.logic.mj.function.TCPGameFunctions - [100104-SEND_DATA]:{nextActionUserId=718940, wsw_sole_action_id=5, action=-1, state=2, nextAction=[501], userId=718940}
2018-07-28 12:55:03,862-[YZT] [INFO] pool-4-thread-10 com.yzt.logic.mj.function.TCPGameFunctions - [100104-SEND_DATA]:{extra=5, nextActionUserId=718940, wsw_sole_action_id=5, action=-1, state=2, nextAction=[501], userId=718940}
2018-07-28 12:55:03,863-[YZT] [INFO] pool-4-thread-10 com.yzt.logic.mj.function.TCPGameFunctions - [100104-SEND_DATA]:{nextActionUserId=718940, wsw_sole_action_id=5, action=-1, state=2, nextAction=[501], userId=718940}
2018-07-28 12:55:03,864-[YZT] [INFO] pool-4-thread-10 com.yzt.logic.mj.executer.Executer - 请求处理时间：7
2018-07-28 12:55:03,896-[YZT] [INFO] pool-4-thread-11 com.yzt.logic.mj.executer.Executer - [999998-RECEIVE_DATE]:{interfaceId=999998, roomId=605742}
2018-07-28 12:55:03,897-[YZT] [INFO] pool-4-thread-11 com.yzt.logic.mj.function.TCPGameFunctions - [999998-SEND_DATA]:{"pais":[15,18,25,24,26,22,25,20,16,10,22,13,26,11,13,16,11,22,32,1,21,21,9,17,18,12,9,19,15,20,25,14,18,20,7,1,3,21,6,1,1,13,27,11,27,5,2,25,8,14,24,10,32,17,8,5]}
2018-07-28 12:55:03,899-[YZT] [INFO] pool-4-thread-11 com.yzt.logic.mj.executer.Executer - 请求处理时间：3
2018-07-28 12:55:05,726-[YZT] [INFO] pool-4-thread-12 com.yzt.logic.mj.executer.Executer - [100201-RECEIVE_DATE]:{wsw_sole_action_id=5, action=27, interfaceId=100201, userId=718940, roomId=605742}
2018-07-28 12:55:05,726-[YZT] [INFO] pool-4-thread-12 com.yzt.logic.mj.function.TCPGameFunctions - 游戏内主逻辑,interfaceId -> 100201
2018-07-28 12:55:05,727-[YZT] [INFO] pool-4-thread-12 com.yzt.logic.mj.function.TCPGameFunctions - 1-34中的牌    出牌!!!
2018-07-28 12:55:05,727-[YZT] [INFO] pool-4-thread-12 com.yzt.logic.mj.function.TCPGameFunctions - 当前的宝牌0
2018-07-28 12:55:05,729-[YZT] [INFO] pool-4-thread-12 com.yzt.logic.mj.function.TCPGameFunctions - [100104-SEND_DATA]:{extra=null, nextActionUserId=321873, wsw_sole_action_id=6, action=27, state=2, nextAction=[-1], userId=718940, toUserId=null}
2018-07-28 12:55:05,730-[YZT] [INFO] pool-4-thread-12 com.yzt.logic.mj.function.TCPGameFunctions - [100104-SEND_DATA]:{extra=null, nextActionUserId=321873, wsw_sole_action_id=6, action=27, state=2, nextAction=[-1], userId=718940, toUserId=null}
2018-07-28 12:55:05,731-[YZT] [INFO] pool-4-thread-12 com.yzt.logic.mj.function.TCPGameFunctions - [100104-SEND_DATA]:{extra=null, nextActionUserId=321873, wsw_sole_action_id=6, action=27, state=2, nextAction=[-1], userId=718940, toUserId=null}
2018-07-28 12:55:05,732-[YZT] [INFO] pool-4-thread-12 com.yzt.logic.mj.function.TCPGameFunctions - [100104-SEND_DATA]:{extra=null, nextActionUserId=321873, wsw_sole_action_id=6, action=27, state=2, nextAction=[-1], userId=718940, toUserId=null}
2018-07-28 12:55:05,732-[YZT] [INFO] pool-4-thread-12 com.yzt.logic.mj.executer.Executer - 请求处理时间：6
2018-07-28 12:55:05,909-[YZT] [INFO] pool-4-thread-13 com.yzt.logic.mj.executer.Executer - [100201-RECEIVE_DATE]:{wsw_sole_action_id=6, action=-1, interfaceId=100201, userId=321873, roomId=605742}
2018-07-28 12:55:05,909-[YZT] [INFO] pool-4-thread-13 com.yzt.logic.mj.function.TCPGameFunctions - 游戏内主逻辑,interfaceId -> 100201
2018-07-28 12:55:05,911-[YZT] [INFO] pool-4-thread-13 com.yzt.logic.mj.function.TCPGameFunctions - -1 请求发牌!
2018-07-28 12:55:05,913-[YZT] [INFO] pool-4-thread-13 com.yzt.logic.mj.function.TCPGameFunctions - [100104-SEND_DATA]:{wsw_sole_action_id=7, action=-1, state=2, userId=321873}
2018-07-28 12:55:05,913-[YZT] [INFO] pool-4-thread-13 com.yzt.logic.mj.function.TCPGameFunctions - [100104-SEND_DATA]:{wsw_sole_action_id=7, action=-1, state=2, userId=321873}
2018-07-28 12:55:05,914-[YZT] [INFO] pool-4-thread-13 com.yzt.logic.mj.function.TCPGameFunctions - [100104-SEND_DATA]:{wsw_sole_action_id=7, action=-1, state=2, userId=321873}
2018-07-28 12:55:05,914-[YZT] [INFO] pool-4-thread-13 com.yzt.logic.mj.function.TCPGameFunctions - [100104-SEND_DATA]:{extra=15, nextActionUserId=321873, wsw_sole_action_id=7, action=-1, state=2, nextAction=[94, 0], userId=321873}
2018-07-28 12:55:05,915-[YZT] [INFO] pool-4-thread-13 com.yzt.logic.mj.executer.Executer - 请求处理时间：6
2018-07-28 12:55:05,949-[YZT] [INFO] pool-4-thread-14 com.yzt.logic.mj.executer.Executer - [999998-RECEIVE_DATE]:{interfaceId=999998, roomId=605742}
2018-07-28 12:55:05,950-[YZT] [INFO] pool-4-thread-14 com.yzt.logic.mj.function.TCPGameFunctions - [999998-SEND_DATA]:{"pais":[18,25,24,26,22,25,20,16,10,22,13,26,11,13,16,11,22,32,1,21,21,9,17,18,12,9,19,15,20,25,14,18,20,7,1,3,21,6,1,1,13,27,11,27,5,2,25,8,14,24,10,32,17,8,5]}
2018-07-28 12:55:05,951-[YZT] [INFO] pool-4-thread-14 com.yzt.logic.mj.executer.Executer - 请求处理时间：2
2018-07-28 12:55:07,942-[YZT] [INFO] pool-4-thread-15 com.yzt.logic.mj.executer.Executer - [100201-RECEIVE_DATE]:{wsw_sole_action_id=7, action=94, interfaceId=100201, userId=321873, roomId=605742}
2018-07-28 12:55:07,942-[YZT] [INFO] pool-4-thread-15 com.yzt.logic.mj.function.TCPGameFunctions - 游戏内主逻辑,interfaceId -> 100201
2018-07-28 12:55:07,943-[YZT] [INFO] pool-4-thread-15 com.yzt.logic.mj.function.TCPGameFunctions - 91-126中的牌    我杠了啊!!!
2018-07-28 12:55:07,947-[YZT] [INFO] pool-4-thread-15 com.yzt.logic.mj.function.TCPGameFunctions - [100104-SEND_DATA]:{extra=94, nextActionUserId=321873, wsw_sole_action_id=8, action=-2, state=2, nextAction=[-1], userId=321873}
2018-07-28 12:55:07,948-[YZT] [INFO] pool-4-thread-15 com.yzt.logic.mj.function.TCPGameFunctions - [100104-SEND_DATA]:{extra=94, nextActionUserId=321873, wsw_sole_action_id=8, action=-2, state=2, nextAction=[-1], userId=321873}
2018-07-28 12:55:07,949-[YZT] [INFO] pool-4-thread-15 com.yzt.logic.mj.function.TCPGameFunctions - [100104-SEND_DATA]:{extra=94, nextActionUserId=321873, wsw_sole_action_id=8, action=-2, state=2, nextAction=[-1], userId=321873}
2018-07-28 12:55:07,951-[YZT] [INFO] pool-4-thread-15 com.yzt.logic.mj.function.TCPGameFunctions - [100104-SEND_DATA]:{extra=94, nextActionUserId=321873, wsw_sole_action_id=8, action=-2, state=2, nextAction=[-1], userId=321873}
2018-07-28 12:55:07,951-[YZT] [INFO] pool-4-thread-15 com.yzt.logic.mj.executer.Executer - 请求处理时间：9
2018-07-28 12:55:07,998-[YZT] [INFO] pool-4-thread-16 com.yzt.logic.mj.executer.Executer - [100201-RECEIVE_DATE]:{wsw_sole_action_id=8, action=-1, interfaceId=100201, userId=321873, roomId=605742}
2018-07-28 12:55:07,998-[YZT] [INFO] pool-4-thread-16 com.yzt.logic.mj.function.TCPGameFunctions - 游戏内主逻辑,interfaceId -> 100201
2018-07-28 12:55:08,000-[YZT] [INFO] pool-4-thread-16 com.yzt.logic.mj.function.TCPGameFunctions - -1 请求发牌!
2018-07-28 12:55:08,001-[YZT] [INFO] pool-4-thread-16 com.yzt.logic.mj.function.TCPGameFunctions - [100104-SEND_DATA]:{nextActionUserId=321873, wsw_sole_action_id=9, action=-1, state=2, nextAction=[501], userId=321873}
2018-07-28 12:55:08,002-[YZT] [INFO] pool-4-thread-16 com.yzt.logic.mj.function.TCPGameFunctions - [100104-SEND_DATA]:{nextActionUserId=321873, wsw_sole_action_id=9, action=-1, state=2, nextAction=[501], userId=321873}
2018-07-28 12:55:08,004-[YZT] [INFO] pool-4-thread-16 com.yzt.logic.mj.function.TCPGameFunctions - [100104-SEND_DATA]:{nextActionUserId=321873, wsw_sole_action_id=9, action=-1, state=2, nextAction=[501], userId=321873}
2018-07-28 12:55:08,005-[YZT] [INFO] pool-4-thread-16 com.yzt.logic.mj.function.TCPGameFunctions - [100104-SEND_DATA]:{extra=18, nextActionUserId=321873, wsw_sole_action_id=9, action=-1, state=2, nextAction=[501], userId=321873}
2018-07-28 12:55:08,006-[YZT] [INFO] pool-4-thread-16 com.yzt.logic.mj.executer.Executer - 请求处理时间：8
2018-07-28 12:55:08,015-[YZT] [INFO] pool-4-thread-1 com.yzt.logic.mj.executer.Executer - [999998-RECEIVE_DATE]:{interfaceId=999998, roomId=605742}
2018-07-28 12:55:08,016-[YZT] [INFO] pool-4-thread-1 com.yzt.logic.mj.function.TCPGameFunctions - [999998-SEND_DATA]:{"pais":[25,24,26,22,25,20,16,10,22,13,26,11,13,16,11,22,32,1,21,21,9,17,18,12,9,19,15,20,25,14,18,20,7,1,3,21,6,1,1,13,27,11,27,5,2,25,8,14,24,10,32,17,8,5]}
2018-07-28 12:55:08,018-[YZT] [INFO] pool-4-thread-1 com.yzt.logic.mj.executer.Executer - 请求处理时间：3
2018-07-28 12:55:09,517-[YZT] [INFO] pool-4-thread-2 com.yzt.logic.mj.executer.Executer - [100201-RECEIVE_DATE]:{wsw_sole_action_id=9, action=32, interfaceId=100201, userId=321873, roomId=605742}
2018-07-28 12:55:09,517-[YZT] [INFO] pool-4-thread-2 com.yzt.logic.mj.function.TCPGameFunctions - 游戏内主逻辑,interfaceId -> 100201
2018-07-28 12:55:09,519-[YZT] [INFO] pool-4-thread-2 com.yzt.logic.mj.function.TCPGameFunctions - 1-34中的牌    出牌!!!
2018-07-28 12:55:09,519-[YZT] [INFO] pool-4-thread-2 com.yzt.logic.mj.function.TCPGameFunctions - 当前的宝牌0
2018-07-28 12:55:09,520-[YZT] [INFO] pool-4-thread-2 com.yzt.logic.mj.function.TCPGameFunctions - [100104-SEND_DATA]:{extra=null, nextActionUserId=406141, wsw_sole_action_id=10, action=32, state=2, nextAction=[-1], userId=321873, toUserId=null}
2018-07-28 12:55:09,521-[YZT] [INFO] pool-4-thread-2 com.yzt.logic.mj.function.TCPGameFunctions - [100104-SEND_DATA]:{extra=null, nextActionUserId=406141, wsw_sole_action_id=10, action=32, state=2, nextAction=[-1], userId=321873, toUserId=null}
2018-07-28 12:55:09,522-[YZT] [INFO] pool-4-thread-2 com.yzt.logic.mj.function.TCPGameFunctions - [100104-SEND_DATA]:{extra=null, nextActionUserId=406141, wsw_sole_action_id=10, action=32, state=2, nextAction=[-1], userId=321873, toUserId=null}
2018-07-28 12:55:09,523-[YZT] [INFO] pool-4-thread-2 com.yzt.logic.mj.function.TCPGameFunctions - [100104-SEND_DATA]:{extra=null, nextActionUserId=406141, wsw_sole_action_id=10, action=32, state=2, nextAction=[-1], userId=321873, toUserId=null}
2018-07-28 12:55:09,524-[YZT] [INFO] pool-4-thread-2 com.yzt.logic.mj.executer.Executer - 请求处理时间：7
2018-07-28 12:55:09,709-[YZT] [INFO] pool-4-thread-3 com.yzt.logic.mj.executer.Executer - [100201-RECEIVE_DATE]:{wsw_sole_action_id=10, action=-1, interfaceId=100201, userId=406141, roomId=605742}
2018-07-28 12:55:09,709-[YZT] [INFO] pool-4-thread-3 com.yzt.logic.mj.function.TCPGameFunctions - 游戏内主逻辑,interfaceId -> 100201
2018-07-28 12:55:09,711-[YZT] [INFO] pool-4-thread-3 com.yzt.logic.mj.function.TCPGameFunctions - -1 请求发牌!
2018-07-28 12:55:09,712-[YZT] [INFO] pool-4-thread-3 com.yzt.logic.mj.function.TCPGameFunctions - [100104-SEND_DATA]:{extra=25, nextActionUserId=406141, wsw_sole_action_id=11, action=-1, state=2, nextAction=[501], userId=406141}
2018-07-28 12:55:09,713-[YZT] [INFO] pool-4-thread-3 com.yzt.logic.mj.function.TCPGameFunctions - [100104-SEND_DATA]:{nextActionUserId=406141, wsw_sole_action_id=11, action=-1, state=2, nextAction=[501], userId=406141}
2018-07-28 12:55:09,713-[YZT] [INFO] pool-4-thread-3 com.yzt.logic.mj.function.TCPGameFunctions - [100104-SEND_DATA]:{nextActionUserId=406141, wsw_sole_action_id=11, action=-1, state=2, nextAction=[501], userId=406141}
2018-07-28 12:55:09,714-[YZT] [INFO] pool-4-thread-3 com.yzt.logic.mj.function.TCPGameFunctions - [100104-SEND_DATA]:{nextActionUserId=406141, wsw_sole_action_id=11, action=-1, state=2, nextAction=[501], userId=406141}
2018-07-28 12:55:09,715-[YZT] [INFO] pool-4-thread-3 com.yzt.logic.mj.executer.Executer - 请求处理时间：6
2018-07-28 12:55:09,719-[YZT] [INFO] pool-4-thread-4 com.yzt.logic.mj.executer.Executer - [999998-RECEIVE_DATE]:{interfaceId=999998, roomId=605742}
2018-07-28 12:55:09,720-[YZT] [INFO] pool-4-thread-4 com.yzt.logic.mj.function.TCPGameFunctions - [999998-SEND_DATA]:{"pais":[24,26,22,25,20,16,10,22,13,26,11,13,16,11,22,32,1,21,21,9,17,18,12,9,19,15,20,25,14,18,20,7,1,3,21,6,1,1,13,27,11,27,5,2,25,8,14,24,10,32,17,8,5]}
2018-07-28 12:55:09,722-[YZT] [INFO] pool-4-thread-4 com.yzt.logic.mj.executer.Executer - 请求处理时间：3
2018-07-28 12:55:11,652-[YZT] [INFO] pool-4-thread-5 com.yzt.logic.mj.executer.Executer - [100201-RECEIVE_DATE]:{wsw_sole_action_id=11, action=6, interfaceId=100201, userId=406141, roomId=605742}
2018-07-28 12:55:11,653-[YZT] [INFO] pool-4-thread-5 com.yzt.logic.mj.function.TCPGameFunctions - 游戏内主逻辑,interfaceId -> 100201
2018-07-28 12:55:11,657-[YZT] [INFO] pool-4-thread-5 com.yzt.logic.mj.function.TCPGameFunctions - 1-34中的牌    出牌!!!
2018-07-28 12:55:11,657-[YZT] [INFO] pool-4-thread-5 com.yzt.logic.mj.function.TCPGameFunctions - 当前的宝牌0
2018-07-28 12:55:11,659-[YZT] [INFO] pool-4-thread-5 com.yzt.logic.mj.function.TCPGameFunctions - [100104-SEND_DATA]:{extra=null, nextActionUserId=367381, wsw_sole_action_id=12, action=6, state=2, nextAction=[-1], userId=406141, toUserId=null}
2018-07-28 12:55:11,660-[YZT] [INFO] pool-4-thread-5 com.yzt.logic.mj.function.TCPGameFunctions - [100104-SEND_DATA]:{extra=null, nextActionUserId=367381, wsw_sole_action_id=12, action=6, state=2, nextAction=[-1], userId=406141, toUserId=null}
2018-07-28 12:55:11,661-[YZT] [INFO] pool-4-thread-5 com.yzt.logic.mj.function.TCPGameFunctions - [100104-SEND_DATA]:{extra=null, nextActionUserId=367381, wsw_sole_action_id=12, action=6, state=2, nextAction=[-1], userId=406141, toUserId=null}
2018-07-28 12:55:11,661-[YZT] [INFO] pool-4-thread-5 com.yzt.logic.mj.function.TCPGameFunctions - [100104-SEND_DATA]:{extra=null, nextActionUserId=367381, wsw_sole_action_id=12, action=6, state=2, nextAction=[-1], userId=406141, toUserId=null}
2018-07-28 12:55:11,662-[YZT] [INFO] pool-4-thread-5 com.yzt.logic.mj.executer.Executer - 请求处理时间：10
2018-07-28 12:55:11,850-[YZT] [INFO] pool-4-thread-6 com.yzt.logic.mj.executer.Executer - [100201-RECEIVE_DATE]:{wsw_sole_action_id=12, action=-1, interfaceId=100201, userId=367381, roomId=605742}
2018-07-28 12:55:11,850-[YZT] [INFO] pool-4-thread-6 com.yzt.logic.mj.function.TCPGameFunctions - 游戏内主逻辑,interfaceId -> 100201
2018-07-28 12:55:11,853-[YZT] [INFO] pool-4-thread-6 com.yzt.logic.mj.function.TCPGameFunctions - -1 请求发牌!
2018-07-28 12:55:11,855-[YZT] [INFO] pool-4-thread-6 com.yzt.logic.mj.function.TCPGameFunctions - [100104-SEND_DATA]:{nextActionUserId=367381, wsw_sole_action_id=13, action=-1, state=2, nextAction=[501], userId=367381}
2018-07-28 12:55:11,856-[YZT] [INFO] pool-4-thread-6 com.yzt.logic.mj.function.TCPGameFunctions - [100104-SEND_DATA]:{extra=24, nextActionUserId=367381, wsw_sole_action_id=13, action=-1, state=2, nextAction=[501], userId=367381}
2018-07-28 12:55:11,857-[YZT] [INFO] pool-4-thread-6 com.yzt.logic.mj.function.TCPGameFunctions - [100104-SEND_DATA]:{nextActionUserId=367381, wsw_sole_action_id=13, action=-1, state=2, nextAction=[501], userId=367381}
2018-07-28 12:55:11,858-[YZT] [INFO] pool-4-thread-6 com.yzt.logic.mj.function.TCPGameFunctions - [100104-SEND_DATA]:{nextActionUserId=367381, wsw_sole_action_id=13, action=-1, state=2, nextAction=[501], userId=367381}
2018-07-28 12:55:11,858-[YZT] [INFO] pool-4-thread-6 com.yzt.logic.mj.executer.Executer - 请求处理时间：8
2018-07-28 12:55:11,880-[YZT] [INFO] pool-4-thread-7 com.yzt.logic.mj.executer.Executer - [999998-RECEIVE_DATE]:{interfaceId=999998, roomId=605742}
2018-07-28 12:55:11,883-[YZT] [INFO] pool-4-thread-7 com.yzt.logic.mj.function.TCPGameFunctions - [999998-SEND_DATA]:{"pais":[26,22,25,20,16,10,22,13,26,11,13,16,11,22,32,1,21,21,9,17,18,12,9,19,15,20,25,14,18,20,7,1,3,21,6,1,1,13,27,11,27,5,2,25,8,14,24,10,32,17,8,5]}
2018-07-28 12:55:11,885-[YZT] [INFO] pool-4-thread-7 com.yzt.logic.mj.executer.Executer - 请求处理时间：5
2018-07-28 12:55:14,540-[YZT] [INFO] pool-4-thread-8 com.yzt.logic.mj.executer.Executer - [100201-RECEIVE_DATE]:{wsw_sole_action_id=13, action=10, interfaceId=100201, userId=367381, roomId=605742}
2018-07-28 12:55:14,540-[YZT] [INFO] pool-4-thread-8 com.yzt.logic.mj.function.TCPGameFunctions - 游戏内主逻辑,interfaceId -> 100201
2018-07-28 12:55:14,542-[YZT] [INFO] pool-4-thread-8 com.yzt.logic.mj.function.TCPGameFunctions - 1-34中的牌    出牌!!!
2018-07-28 12:55:14,542-[YZT] [INFO] pool-4-thread-8 com.yzt.logic.mj.function.TCPGameFunctions - 当前的宝牌0
2018-07-28 12:55:14,544-[YZT] [INFO] pool-4-thread-8 com.yzt.logic.mj.function.TCPGameFunctions - [100104-SEND_DATA]:{extra=null, nextActionUserId=718940, wsw_sole_action_id=14, action=10, state=2, nextAction=[-1], userId=367381, toUserId=null}
2018-07-28 12:55:14,544-[YZT] [INFO] pool-4-thread-8 com.yzt.logic.mj.function.TCPGameFunctions - [100104-SEND_DATA]:{extra=null, nextActionUserId=718940, wsw_sole_action_id=14, action=10, state=2, nextAction=[-1], userId=367381, toUserId=null}
2018-07-28 12:55:14,545-[YZT] [INFO] pool-4-thread-8 com.yzt.logic.mj.function.TCPGameFunctions - [100104-SEND_DATA]:{extra=null, nextActionUserId=718940, wsw_sole_action_id=14, action=10, state=2, nextAction=[-1], userId=367381, toUserId=null}
2018-07-28 12:55:14,546-[YZT] [INFO] pool-4-thread-8 com.yzt.logic.mj.function.TCPGameFunctions - [100104-SEND_DATA]:{extra=null, nextActionUserId=718940, wsw_sole_action_id=14, action=10, state=2, nextAction=[-1], userId=367381, toUserId=null}
2018-07-28 12:55:14,547-[YZT] [INFO] pool-4-thread-8 com.yzt.logic.mj.executer.Executer - 请求处理时间：7
2018-07-28 12:55:14,722-[YZT] [INFO] pool-4-thread-9 com.yzt.logic.mj.executer.Executer - [100201-RECEIVE_DATE]:{wsw_sole_action_id=14, action=-1, interfaceId=100201, userId=718940, roomId=605742}
2018-07-28 12:55:14,723-[YZT] [INFO] pool-4-thread-9 com.yzt.logic.mj.function.TCPGameFunctions - 游戏内主逻辑,interfaceId -> 100201
2018-07-28 12:55:14,724-[YZT] [INFO] pool-4-thread-9 com.yzt.logic.mj.function.TCPGameFunctions - -1 请求发牌!
2018-07-28 12:55:14,726-[YZT] [INFO] pool-4-thread-9 com.yzt.logic.mj.function.TCPGameFunctions - [100104-SEND_DATA]:{nextActionUserId=718940, wsw_sole_action_id=15, action=-1, state=2, nextAction=[501], userId=718940}
2018-07-28 12:55:14,726-[YZT] [INFO] pool-4-thread-9 com.yzt.logic.mj.function.TCPGameFunctions - [100104-SEND_DATA]:{nextActionUserId=718940, wsw_sole_action_id=15, action=-1, state=2, nextAction=[501], userId=718940}
2018-07-28 12:55:14,727-[YZT] [INFO] pool-4-thread-9 com.yzt.logic.mj.function.TCPGameFunctions - [100104-SEND_DATA]:{extra=26, nextActionUserId=718940, wsw_sole_action_id=15, action=-1, state=2, nextAction=[501], userId=718940}
2018-07-28 12:55:14,728-[YZT] [INFO] pool-4-thread-9 com.yzt.logic.mj.function.TCPGameFunctions - [100104-SEND_DATA]:{nextActionUserId=718940, wsw_sole_action_id=15, action=-1, state=2, nextAction=[501], userId=718940}
2018-07-28 12:55:14,728-[YZT] [INFO] pool-4-thread-9 com.yzt.logic.mj.executer.Executer - 请求处理时间：6
2018-07-28 12:55:14,757-[YZT] [INFO] pool-4-thread-10 com.yzt.logic.mj.executer.Executer - [999998-RECEIVE_DATE]:{interfaceId=999998, roomId=605742}
2018-07-28 12:55:14,757-[YZT] [INFO] pool-4-thread-10 com.yzt.logic.mj.function.TCPGameFunctions - [999998-SEND_DATA]:{"pais":[22,25,20,16,10,22,13,26,11,13,16,11,22,32,1,21,21,9,17,18,12,9,19,15,20,25,14,18,20,7,1,3,21,6,1,1,13,27,11,27,5,2,25,8,14,24,10,32,17,8,5]}
2018-07-28 12:55:14,759-[YZT] [INFO] pool-4-thread-10 com.yzt.logic.mj.executer.Executer - 请求处理时间：2
2018-07-28 12:55:18,987-[YZT] [INFO] pool-4-thread-11 com.yzt.logic.mj.executer.Executer - [100201-RECEIVE_DATE]:{wsw_sole_action_id=15, action=20, interfaceId=100201, userId=718940, roomId=605742}
2018-07-28 12:55:18,987-[YZT] [INFO] pool-4-thread-11 com.yzt.logic.mj.function.TCPGameFunctions - 游戏内主逻辑,interfaceId -> 100201
2018-07-28 12:55:18,989-[YZT] [INFO] pool-4-thread-11 com.yzt.logic.mj.function.TCPGameFunctions - 1-34中的牌    出牌!!!
2018-07-28 12:55:18,989-[YZT] [INFO] pool-4-thread-11 com.yzt.logic.mj.function.TCPGameFunctions - 当前的宝牌0
2018-07-28 12:55:18,991-[YZT] [INFO] pool-4-thread-11 com.yzt.logic.mj.function.TCPGameFunctions - [100104-SEND_DATA]:{extra=null, nextActionUserId=321873, wsw_sole_action_id=16, action=20, state=2, nextAction=[-1], userId=718940, toUserId=null}
2018-07-28 12:55:18,991-[YZT] [INFO] pool-4-thread-11 com.yzt.logic.mj.function.TCPGameFunctions - [100104-SEND_DATA]:{extra=null, nextActionUserId=321873, wsw_sole_action_id=16, action=20, state=2, nextAction=[-1], userId=718940, toUserId=null}
2018-07-28 12:55:18,992-[YZT] [INFO] pool-4-thread-11 com.yzt.logic.mj.function.TCPGameFunctions - [100104-SEND_DATA]:{extra=null, nextActionUserId=321873, wsw_sole_action_id=16, action=20, state=2, nextAction=[-1], userId=718940, toUserId=null}
2018-07-28 12:55:18,993-[YZT] [INFO] pool-4-thread-11 com.yzt.logic.mj.function.TCPGameFunctions - [100104-SEND_DATA]:{extra=null, nextActionUserId=321873, wsw_sole_action_id=16, action=20, state=2, nextAction=[-1], userId=718940, toUserId=null}
2018-07-28 12:55:18,994-[YZT] [INFO] pool-4-thread-11 com.yzt.logic.mj.executer.Executer - 请求处理时间：7
2018-07-28 12:55:19,176-[YZT] [INFO] pool-4-thread-12 com.yzt.logic.mj.executer.Executer - [100201-RECEIVE_DATE]:{wsw_sole_action_id=16, action=-1, interfaceId=100201, userId=321873, roomId=605742}
2018-07-28 12:55:19,176-[YZT] [INFO] pool-4-thread-12 com.yzt.logic.mj.function.TCPGameFunctions - 游戏内主逻辑,interfaceId -> 100201
2018-07-28 12:55:19,177-[YZT] [INFO] pool-4-thread-12 com.yzt.logic.mj.function.TCPGameFunctions - -1 请求发牌!
2018-07-28 12:55:19,178-[YZT] [INFO] pool-4-thread-12 com.yzt.logic.mj.function.TCPGameFunctions - [100104-SEND_DATA]:{nextActionUserId=321873, wsw_sole_action_id=17, action=-1, state=2, nextAction=[501], userId=321873}
2018-07-28 12:55:19,179-[YZT] [INFO] pool-4-thread-12 com.yzt.logic.mj.function.TCPGameFunctions - [100104-SEND_DATA]:{nextActionUserId=321873, wsw_sole_action_id=17, action=-1, state=2, nextAction=[501], userId=321873}
2018-07-28 12:55:19,181-[YZT] [INFO] pool-4-thread-12 com.yzt.logic.mj.function.TCPGameFunctions - [100104-SEND_DATA]:{nextActionUserId=321873, wsw_sole_action_id=17, action=-1, state=2, nextAction=[501], userId=321873}
2018-07-28 12:55:19,181-[YZT] [INFO] pool-4-thread-12 com.yzt.logic.mj.function.TCPGameFunctions - [100104-SEND_DATA]:{extra=22, nextActionUserId=321873, wsw_sole_action_id=17, action=-1, state=2, nextAction=[501], userId=321873}
2018-07-28 12:55:19,182-[YZT] [INFO] pool-4-thread-12 com.yzt.logic.mj.executer.Executer - 请求处理时间：6
2018-07-28 12:55:19,217-[YZT] [INFO] pool-4-thread-13 com.yzt.logic.mj.executer.Executer - [999998-RECEIVE_DATE]:{interfaceId=999998, roomId=605742}
2018-07-28 12:55:19,217-[YZT] [INFO] pool-4-thread-13 com.yzt.logic.mj.function.TCPGameFunctions - [999998-SEND_DATA]:{"pais":[25,20,16,10,22,13,26,11,13,16,11,22,32,1,21,21,9,17,18,12,9,19,15,20,25,14,18,20,7,1,3,21,6,1,1,13,27,11,27,5,2,25,8,14,24,10,32,17,8,5]}
2018-07-28 12:55:19,219-[YZT] [INFO] pool-4-thread-13 com.yzt.logic.mj.executer.Executer - 请求处理时间：2
2018-07-28 12:55:23,435-[YZT] [INFO] pool-4-thread-14 com.yzt.logic.mj.executer.Executer - [100201-RECEIVE_DATE]:{wsw_sole_action_id=17, action=3, interfaceId=100201, userId=321873, roomId=605742}
2018-07-28 12:55:23,435-[YZT] [INFO] pool-4-thread-14 com.yzt.logic.mj.function.TCPGameFunctions - 游戏内主逻辑,interfaceId -> 100201
2018-07-28 12:55:23,436-[YZT] [INFO] pool-4-thread-14 com.yzt.logic.mj.function.TCPGameFunctions - 1-34中的牌    出牌!!!
2018-07-28 12:55:23,437-[YZT] [INFO] pool-4-thread-14 com.yzt.logic.mj.function.TCPGameFunctions - 当前的宝牌0
2018-07-28 12:55:23,438-[YZT] [INFO] pool-4-thread-14 com.yzt.logic.mj.function.TCPGameFunctions - [100104-SEND_DATA]:{extra=null, nextActionUserId=406141, wsw_sole_action_id=18, action=3, state=2, nextAction=[-1], userId=321873, toUserId=null}
2018-07-28 12:55:23,439-[YZT] [INFO] pool-4-thread-14 com.yzt.logic.mj.function.TCPGameFunctions - [100104-SEND_DATA]:{extra=null, nextActionUserId=406141, wsw_sole_action_id=18, action=3, state=2, nextAction=[-1], userId=321873, toUserId=null}
2018-07-28 12:55:23,440-[YZT] [INFO] pool-4-thread-14 com.yzt.logic.mj.function.TCPGameFunctions - [100104-SEND_DATA]:{extra=null, nextActionUserId=406141, wsw_sole_action_id=18, action=3, state=2, nextAction=[-1], userId=321873, toUserId=null}
2018-07-28 12:55:23,441-[YZT] [INFO] pool-4-thread-14 com.yzt.logic.mj.function.TCPGameFunctions - [100104-SEND_DATA]:{extra=null, nextActionUserId=406141, wsw_sole_action_id=18, action=3, state=2, nextAction=[-1], userId=321873, toUserId=null}
2018-07-28 12:55:23,442-[YZT] [INFO] pool-4-thread-14 com.yzt.logic.mj.executer.Executer - 请求处理时间：7
2018-07-28 12:55:23,625-[YZT] [INFO] pool-4-thread-15 com.yzt.logic.mj.executer.Executer - [100201-RECEIVE_DATE]:{wsw_sole_action_id=18, action=-1, interfaceId=100201, userId=406141, roomId=605742}
2018-07-28 12:55:23,625-[YZT] [INFO] pool-4-thread-15 com.yzt.logic.mj.function.TCPGameFunctions - 游戏内主逻辑,interfaceId -> 100201
2018-07-28 12:55:23,626-[YZT] [INFO] pool-4-thread-15 com.yzt.logic.mj.function.TCPGameFunctions - -1 请求发牌!
2018-07-28 12:55:23,628-[YZT] [INFO] pool-4-thread-15 com.yzt.logic.mj.function.TCPGameFunctions - [100104-SEND_DATA]:{extra=25, nextActionUserId=406141, wsw_sole_action_id=19, action=-1, state=2, nextAction=[501], userId=406141}
2018-07-28 12:55:23,629-[YZT] [INFO] pool-4-thread-15 com.yzt.logic.mj.function.TCPGameFunctions - [100104-SEND_DATA]:{nextActionUserId=406141, wsw_sole_action_id=19, action=-1, state=2, nextAction=[501], userId=406141}
2018-07-28 12:55:23,630-[YZT] [INFO] pool-4-thread-15 com.yzt.logic.mj.function.TCPGameFunctions - [100104-SEND_DATA]:{nextActionUserId=406141, wsw_sole_action_id=19, action=-1, state=2, nextAction=[501], userId=406141}
2018-07-28 12:55:23,631-[YZT] [INFO] pool-4-thread-15 com.yzt.logic.mj.function.TCPGameFunctions - [100104-SEND_DATA]:{nextActionUserId=406141, wsw_sole_action_id=19, action=-1, state=2, nextAction=[501], userId=406141}
2018-07-28 12:55:23,631-[YZT] [INFO] pool-4-thread-15 com.yzt.logic.mj.executer.Executer - 请求处理时间：6
2018-07-28 12:55:23,642-[YZT] [INFO] pool-4-thread-16 com.yzt.logic.mj.executer.Executer - [999998-RECEIVE_DATE]:{interfaceId=999998, roomId=605742}
2018-07-28 12:55:23,642-[YZT] [INFO] pool-4-thread-16 com.yzt.logic.mj.function.TCPGameFunctions - [999998-SEND_DATA]:{"pais":[20,16,10,22,13,26,11,13,16,11,22,32,1,21,21,9,17,18,12,9,19,15,20,25,14,18,20,7,1,3,21,6,1,1,13,27,11,27,5,2,25,8,14,24,10,32,17,8,5]}
2018-07-28 12:55:23,644-[YZT] [INFO] pool-4-thread-16 com.yzt.logic.mj.executer.Executer - 请求处理时间：2
2018-07-28 12:55:27,324-[YZT] [INFO] pool-4-thread-1 com.yzt.logic.mj.executer.Executer - [100201-RECEIVE_DATE]:{wsw_sole_action_id=19, action=12, interfaceId=100201, userId=406141, roomId=605742}
2018-07-28 12:55:27,324-[YZT] [INFO] pool-4-thread-1 com.yzt.logic.mj.function.TCPGameFunctions - 游戏内主逻辑,interfaceId -> 100201
2018-07-28 12:55:27,325-[YZT] [INFO] pool-4-thread-1 com.yzt.logic.mj.function.TCPGameFunctions - 1-34中的牌    出牌!!!
2018-07-28 12:55:27,326-[YZT] [INFO] pool-4-thread-1 com.yzt.logic.mj.function.TCPGameFunctions - 当前的宝牌0
2018-07-28 12:55:27,327-[YZT] [INFO] pool-4-thread-1 com.yzt.logic.mj.function.TCPGameFunctions - [100104-SEND_DATA]:{extra=null, nextActionUserId=367381, wsw_sole_action_id=20, action=12, state=2, nextAction=[-1], userId=406141, toUserId=null}
2018-07-28 12:55:27,328-[YZT] [INFO] pool-4-thread-1 com.yzt.logic.mj.function.TCPGameFunctions - [100104-SEND_DATA]:{extra=null, nextActionUserId=367381, wsw_sole_action_id=20, action=12, state=2, nextAction=[-1], userId=406141, toUserId=null}
2018-07-28 12:55:27,328-[YZT] [INFO] pool-4-thread-1 com.yzt.logic.mj.function.TCPGameFunctions - [100104-SEND_DATA]:{extra=null, nextActionUserId=367381, wsw_sole_action_id=20, action=12, state=2, nextAction=[-1], userId=406141, toUserId=null}
2018-07-28 12:55:27,329-[YZT] [INFO] pool-4-thread-1 com.yzt.logic.mj.function.TCPGameFunctions - [100104-SEND_DATA]:{extra=null, nextActionUserId=367381, wsw_sole_action_id=20, action=12, state=2, nextAction=[-1], userId=406141, toUserId=null}
2018-07-28 12:55:27,330-[YZT] [INFO] pool-4-thread-1 com.yzt.logic.mj.executer.Executer - 请求处理时间：6
2018-07-28 12:55:27,512-[YZT] [INFO] pool-4-thread-2 com.yzt.logic.mj.executer.Executer - [100201-RECEIVE_DATE]:{wsw_sole_action_id=20, action=-1, interfaceId=100201, userId=367381, roomId=605742}
2018-07-28 12:55:27,513-[YZT] [INFO] pool-4-thread-2 com.yzt.logic.mj.function.TCPGameFunctions - 游戏内主逻辑,interfaceId -> 100201
2018-07-28 12:55:27,514-[YZT] [INFO] pool-4-thread-2 com.yzt.logic.mj.function.TCPGameFunctions - -1 请求发牌!
2018-07-28 12:55:27,515-[YZT] [INFO] pool-4-thread-2 com.yzt.logic.mj.function.TCPGameFunctions - [100104-SEND_DATA]:{nextActionUserId=367381, wsw_sole_action_id=21, action=-1, state=2, nextAction=[501], userId=367381}
2018-07-28 12:55:27,516-[YZT] [INFO] pool-4-thread-2 com.yzt.logic.mj.function.TCPGameFunctions - [100104-SEND_DATA]:{extra=20, nextActionUserId=367381, wsw_sole_action_id=21, action=-1, state=2, nextAction=[501], userId=367381}
2018-07-28 12:55:27,516-[YZT] [INFO] pool-4-thread-2 com.yzt.logic.mj.function.TCPGameFunctions - [100104-SEND_DATA]:{nextActionUserId=367381, wsw_sole_action_id=21, action=-1, state=2, nextAction=[501], userId=367381}
2018-07-28 12:55:27,517-[YZT] [INFO] pool-4-thread-2 com.yzt.logic.mj.function.TCPGameFunctions - [100104-SEND_DATA]:{nextActionUserId=367381, wsw_sole_action_id=21, action=-1, state=2, nextAction=[501], userId=367381}
2018-07-28 12:55:27,517-[YZT] [INFO] pool-4-thread-2 com.yzt.logic.mj.executer.Executer - 请求处理时间：5
2018-07-28 12:55:27,531-[YZT] [INFO] pool-4-thread-3 com.yzt.logic.mj.executer.Executer - [999998-RECEIVE_DATE]:{interfaceId=999998, roomId=605742}
2018-07-28 12:55:27,531-[YZT] [INFO] pool-4-thread-3 com.yzt.logic.mj.function.TCPGameFunctions - [999998-SEND_DATA]:{"pais":[16,10,22,13,26,11,13,16,11,22,32,1,21,21,9,17,18,12,9,19,15,20,25,14,18,20,7,1,3,21,6,1,1,13,27,11,27,5,2,25,8,14,24,10,32,17,8,5]}
2018-07-28 12:55:27,533-[YZT] [INFO] pool-4-thread-3 com.yzt.logic.mj.executer.Executer - 请求处理时间：2
2018-07-28 12:55:28,874-[YZT] [INFO] pool-4-thread-4 com.yzt.logic.mj.executer.Executer - [100201-RECEIVE_DATE]:{wsw_sole_action_id=21, action=24, interfaceId=100201, userId=367381, roomId=605742}
2018-07-28 12:55:28,875-[YZT] [INFO] pool-4-thread-4 com.yzt.logic.mj.function.TCPGameFunctions - 游戏内主逻辑,interfaceId -> 100201
2018-07-28 12:55:28,876-[YZT] [INFO] pool-4-thread-4 com.yzt.logic.mj.function.TCPGameFunctions - 1-34中的牌    出牌!!!
2018-07-28 12:55:28,877-[YZT] [INFO] pool-4-thread-4 com.yzt.logic.mj.function.TCPGameFunctions - 当前的宝牌0
2018-07-28 12:55:28,878-[YZT] [INFO] pool-4-thread-4 com.yzt.logic.mj.function.TCPGameFunctions - [100104-SEND_DATA]:{extra=null, nextActionUserId=406141, wsw_sole_action_id=22, action=24, state=2, nextAction=[0, 80], userId=367381, toUserId=null}
2018-07-28 12:55:28,879-[YZT] [INFO] pool-4-thread-4 com.yzt.logic.mj.function.TCPGameFunctions - [100104-SEND_DATA]:{extra=null, wsw_sole_action_id=22, action=24, state=2, userId=367381, toUserId=null}
2018-07-28 12:55:28,879-[YZT] [INFO] pool-4-thread-4 com.yzt.logic.mj.function.TCPGameFunctions - [100104-SEND_DATA]:{extra=null, wsw_sole_action_id=22, action=24, state=2, userId=367381, toUserId=null}
2018-07-28 12:55:28,880-[YZT] [INFO] pool-4-thread-4 com.yzt.logic.mj.function.TCPGameFunctions - [100104-SEND_DATA]:{extra=null, wsw_sole_action_id=22, action=24, state=2, userId=367381, toUserId=null}
2018-07-28 12:55:28,881-[YZT] [INFO] pool-4-thread-4 com.yzt.logic.mj.executer.Executer - 请求处理时间：7
2018-07-28 12:55:28,987-[YZT] [INFO] pool-2-thread-1 com.yzt.logic.util.Schdualed - 每小时清理战绩完成，共清理过期记录4条
2018-07-28 12:55:28,987-[YZT] [INFO] pool-2-thread-1 com.yzt.logic.util.Schdualed - 每小时清理代开战绩完成，共清理过期记录0条
2018-07-28 12:55:30,290-[YZT] [INFO] pool-4-thread-5 com.yzt.logic.mj.executer.Executer - [100201-RECEIVE_DATE]:{wsw_sole_action_id=22, action=80, interfaceId=100201, userId=406141, roomId=605742}
2018-07-28 12:55:30,291-[YZT] [INFO] pool-4-thread-5 com.yzt.logic.mj.function.TCPGameFunctions - 游戏内主逻辑,interfaceId -> 100201
2018-07-28 12:55:30,292-[YZT] [INFO] pool-4-thread-5 com.yzt.logic.mj.function.TCPGameFunctions - 57-90中的牌    我碰了啊!!!
2018-07-28 12:55:30,293-[YZT] [INFO] pool-4-thread-5 com.yzt.logic.mj.function.TCPGameFunctions - [100104-SEND_DATA]:{extra=24, nextActionUserId=406141, wsw_sole_action_id=23, action=80, state=2, nextAction=[501], userId=406141, toUserId=367381}
2018-07-28 12:55:30,294-[YZT] [INFO] pool-4-thread-5 com.yzt.logic.mj.function.TCPGameFunctions - [100104-SEND_DATA]:{extra=24, nextActionUserId=406141, wsw_sole_action_id=23, action=80, state=2, nextAction=[501], userId=406141, toUserId=367381}
2018-07-28 12:55:30,295-[YZT] [INFO] pool-4-thread-5 com.yzt.logic.mj.function.TCPGameFunctions - [100104-SEND_DATA]:{extra=24, nextActionUserId=406141, wsw_sole_action_id=23, action=80, state=2, nextAction=[501], userId=406141, toUserId=367381}
2018-07-28 12:55:30,295-[YZT] [INFO] pool-4-thread-5 com.yzt.logic.mj.function.TCPGameFunctions - [100104-SEND_DATA]:{extra=24, nextActionUserId=406141, wsw_sole_action_id=23, action=80, state=2, nextAction=[501], userId=406141, toUserId=367381}
2018-07-28 12:55:30,296-[YZT] [INFO] pool-4-thread-5 com.yzt.logic.mj.executer.Executer - 请求处理时间：6
2018-07-28 12:55:31,255-[YZT] [INFO] pool-4-thread-6 com.yzt.logic.mj.executer.Executer - [100201-RECEIVE_DATE]:{wsw_sole_action_id=23, action=21, interfaceId=100201, userId=406141, roomId=605742}
2018-07-28 12:55:31,255-[YZT] [INFO] pool-4-thread-6 com.yzt.logic.mj.function.TCPGameFunctions - 游戏内主逻辑,interfaceId -> 100201
2018-07-28 12:55:31,256-[YZT] [INFO] pool-4-thread-6 com.yzt.logic.mj.function.TCPGameFunctions - 1-34中的牌    出牌!!!
2018-07-28 12:55:31,257-[YZT] [INFO] pool-4-thread-6 com.yzt.logic.mj.function.TCPGameFunctions - 当前的宝牌0
2018-07-28 12:55:31,258-[YZT] [INFO] pool-4-thread-6 com.yzt.logic.mj.function.TCPGameFunctions - [100104-SEND_DATA]:{extra=null, nextActionUserId=367381, wsw_sole_action_id=24, action=21, state=2, nextAction=[-1], userId=406141, toUserId=null}
2018-07-28 12:55:31,259-[YZT] [INFO] pool-4-thread-6 com.yzt.logic.mj.function.TCPGameFunctions - [100104-SEND_DATA]:{extra=null, nextActionUserId=367381, wsw_sole_action_id=24, action=21, state=2, nextAction=[-1], userId=406141, toUserId=null}
2018-07-28 12:55:31,260-[YZT] [INFO] pool-4-thread-6 com.yzt.logic.mj.function.TCPGameFunctions - [100104-SEND_DATA]:{extra=null, nextActionUserId=367381, wsw_sole_action_id=24, action=21, state=2, nextAction=[-1], userId=406141, toUserId=null}
2018-07-28 12:55:31,261-[YZT] [INFO] pool-4-thread-6 com.yzt.logic.mj.function.TCPGameFunctions - [100104-SEND_DATA]:{extra=null, nextActionUserId=367381, wsw_sole_action_id=24, action=21, state=2, nextAction=[-1], userId=406141, toUserId=null}
2018-07-28 12:55:31,262-[YZT] [INFO] pool-4-thread-6 com.yzt.logic.mj.executer.Executer - 请求处理时间：7
2018-07-28 12:55:31,473-[YZT] [INFO] pool-4-thread-7 com.yzt.logic.mj.executer.Executer - [100201-RECEIVE_DATE]:{wsw_sole_action_id=24, action=-1, interfaceId=100201, userId=367381, roomId=605742}
2018-07-28 12:55:31,473-[YZT] [INFO] pool-4-thread-7 com.yzt.logic.mj.function.TCPGameFunctions - 游戏内主逻辑,interfaceId -> 100201
2018-07-28 12:55:31,474-[YZT] [INFO] pool-4-thread-7 com.yzt.logic.mj.function.TCPGameFunctions - -1 请求发牌!
2018-07-28 12:55:31,476-[YZT] [INFO] pool-4-thread-7 com.yzt.logic.mj.function.TCPGameFunctions - [100104-SEND_DATA]:{nextActionUserId=367381, wsw_sole_action_id=25, action=-1, state=2, nextAction=[501], userId=367381}
2018-07-28 12:55:31,476-[YZT] [INFO] pool-4-thread-7 com.yzt.logic.mj.function.TCPGameFunctions - [100104-SEND_DATA]:{extra=16, nextActionUserId=367381, wsw_sole_action_id=25, action=-1, state=2, nextAction=[501], userId=367381}
2018-07-28 12:55:31,477-[YZT] [INFO] pool-4-thread-7 com.yzt.logic.mj.function.TCPGameFunctions - [100104-SEND_DATA]:{nextActionUserId=367381, wsw_sole_action_id=25, action=-1, state=2, nextAction=[501], userId=367381}
2018-07-28 12:55:31,477-[YZT] [INFO] pool-4-thread-7 com.yzt.logic.mj.function.TCPGameFunctions - [100104-SEND_DATA]:{nextActionUserId=367381, wsw_sole_action_id=25, action=-1, state=2, nextAction=[501], userId=367381}
2018-07-28 12:55:31,478-[YZT] [INFO] pool-4-thread-7 com.yzt.logic.mj.executer.Executer - 请求处理时间：5
2018-07-28 12:55:31,489-[YZT] [INFO] pool-4-thread-8 com.yzt.logic.mj.executer.Executer - [999998-RECEIVE_DATE]:{interfaceId=999998, roomId=605742}
2018-07-28 12:55:31,490-[YZT] [INFO] pool-4-thread-8 com.yzt.logic.mj.function.TCPGameFunctions - [999998-SEND_DATA]:{"pais":[10,22,13,26,11,13,16,11,22,32,1,21,21,9,17,18,12,9,19,15,20,25,14,18,20,7,1,3,21,6,1,1,13,27,11,27,5,2,25,8,14,24,10,32,17,8,5]}
2018-07-28 12:55:31,492-[YZT] [INFO] pool-4-thread-8 com.yzt.logic.mj.executer.Executer - 请求处理时间：3
2018-07-28 12:55:34,203-[YZT] [INFO] pool-4-thread-9 com.yzt.logic.mj.executer.Executer - [100201-RECEIVE_DATE]:{wsw_sole_action_id=25, action=20, interfaceId=100201, userId=367381, roomId=605742}
2018-07-28 12:55:34,203-[YZT] [INFO] pool-4-thread-9 com.yzt.logic.mj.function.TCPGameFunctions - 游戏内主逻辑,interfaceId -> 100201
2018-07-28 12:55:34,204-[YZT] [INFO] pool-4-thread-9 com.yzt.logic.mj.function.TCPGameFunctions - 1-34中的牌    出牌!!!
2018-07-28 12:55:34,204-[YZT] [INFO] pool-4-thread-9 com.yzt.logic.mj.function.TCPGameFunctions - 当前的宝牌0
2018-07-28 12:55:34,206-[YZT] [INFO] pool-4-thread-9 com.yzt.logic.mj.function.TCPGameFunctions - [100104-SEND_DATA]:{extra=null, nextActionUserId=718940, wsw_sole_action_id=26, action=20, state=2, nextAction=[-1], userId=367381, toUserId=null}
2018-07-28 12:55:34,206-[YZT] [INFO] pool-4-thread-9 com.yzt.logic.mj.function.TCPGameFunctions - [100104-SEND_DATA]:{extra=null, nextActionUserId=718940, wsw_sole_action_id=26, action=20, state=2, nextAction=[-1], userId=367381, toUserId=null}
2018-07-28 12:55:34,207-[YZT] [INFO] pool-4-thread-9 com.yzt.logic.mj.function.TCPGameFunctions - [100104-SEND_DATA]:{extra=null, nextActionUserId=718940, wsw_sole_action_id=26, action=20, state=2, nextAction=[-1], userId=367381, toUserId=null}
2018-07-28 12:55:34,208-[YZT] [INFO] pool-4-thread-9 com.yzt.logic.mj.function.TCPGameFunctions - [100104-SEND_DATA]:{extra=null, nextActionUserId=718940, wsw_sole_action_id=26, action=20, state=2, nextAction=[-1], userId=367381, toUserId=null}
2018-07-28 12:55:34,208-[YZT] [INFO] pool-4-thread-9 com.yzt.logic.mj.executer.Executer - 请求处理时间：5
2018-07-28 12:55:34,390-[YZT] [INFO] pool-4-thread-10 com.yzt.logic.mj.executer.Executer - [100201-RECEIVE_DATE]:{wsw_sole_action_id=26, action=-1, interfaceId=100201, userId=718940, roomId=605742}
2018-07-28 12:55:34,390-[YZT] [INFO] pool-4-thread-10 com.yzt.logic.mj.function.TCPGameFunctions - 游戏内主逻辑,interfaceId -> 100201
2018-07-28 12:55:34,391-[YZT] [INFO] pool-4-thread-10 com.yzt.logic.mj.function.TCPGameFunctions - -1 请求发牌!
2018-07-28 12:55:34,393-[YZT] [INFO] pool-4-thread-10 com.yzt.logic.mj.function.TCPGameFunctions - [100104-SEND_DATA]:{nextActionUserId=718940, wsw_sole_action_id=27, action=-1, state=2, nextAction=[501], userId=718940}
2018-07-28 12:55:34,394-[YZT] [INFO] pool-4-thread-10 com.yzt.logic.mj.function.TCPGameFunctions - [100104-SEND_DATA]:{nextActionUserId=718940, wsw_sole_action_id=27, action=-1, state=2, nextAction=[501], userId=718940}
2018-07-28 12:55:34,394-[YZT] [INFO] pool-4-thread-10 com.yzt.logic.mj.function.TCPGameFunctions - [100104-SEND_DATA]:{extra=10, nextActionUserId=718940, wsw_sole_action_id=27, action=-1, state=2, nextAction=[501], userId=718940}
2018-07-28 12:55:34,395-[YZT] [INFO] pool-4-thread-10 com.yzt.logic.mj.function.TCPGameFunctions - [100104-SEND_DATA]:{nextActionUserId=718940, wsw_sole_action_id=27, action=-1, state=2, nextAction=[501], userId=718940}
2018-07-28 12:55:34,395-[YZT] [INFO] pool-4-thread-10 com.yzt.logic.mj.executer.Executer - 请求处理时间：5
2018-07-28 12:55:34,425-[YZT] [INFO] pool-4-thread-11 com.yzt.logic.mj.executer.Executer - [999998-RECEIVE_DATE]:{interfaceId=999998, roomId=605742}
2018-07-28 12:55:34,425-[YZT] [INFO] pool-4-thread-11 com.yzt.logic.mj.function.TCPGameFunctions - [999998-SEND_DATA]:{"pais":[22,13,26,11,13,16,11,22,32,1,21,21,9,17,18,12,9,19,15,20,25,14,18,20,7,1,3,21,6,1,1,13,27,11,27,5,2,25,8,14,24,10,32,17,8,5]}
2018-07-28 12:55:34,427-[YZT] [INFO] pool-4-thread-11 com.yzt.logic.mj.executer.Executer - 请求处理时间：2
2018-07-28 12:55:37,173-[YZT] [INFO] pool-4-thread-12 com.yzt.logic.mj.executer.Executer - [100201-RECEIVE_DATE]:{wsw_sole_action_id=27, action=10, interfaceId=100201, userId=718940, roomId=605742}
2018-07-28 12:55:37,174-[YZT] [INFO] pool-4-thread-12 com.yzt.logic.mj.function.TCPGameFunctions - 游戏内主逻辑,interfaceId -> 100201
2018-07-28 12:55:37,175-[YZT] [INFO] pool-4-thread-12 com.yzt.logic.mj.function.TCPGameFunctions - 1-34中的牌    出牌!!!
2018-07-28 12:55:37,176-[YZT] [INFO] pool-4-thread-12 com.yzt.logic.mj.function.TCPGameFunctions - 当前的宝牌0
2018-07-28 12:55:37,177-[YZT] [INFO] pool-4-thread-12 com.yzt.logic.mj.function.TCPGameFunctions - [100104-SEND_DATA]:{extra=null, nextActionUserId=321873, wsw_sole_action_id=28, action=10, state=2, nextAction=[-1], userId=718940, toUserId=null}
2018-07-28 12:55:37,178-[YZT] [INFO] pool-4-thread-12 com.yzt.logic.mj.function.TCPGameFunctions - [100104-SEND_DATA]:{extra=null, nextActionUserId=321873, wsw_sole_action_id=28, action=10, state=2, nextAction=[-1], userId=718940, toUserId=null}
2018-07-28 12:55:37,178-[YZT] [INFO] pool-4-thread-12 com.yzt.logic.mj.function.TCPGameFunctions - [100104-SEND_DATA]:{extra=null, nextActionUserId=321873, wsw_sole_action_id=28, action=10, state=2, nextAction=[-1], userId=718940, toUserId=null}
2018-07-28 12:55:37,179-[YZT] [INFO] pool-4-thread-12 com.yzt.logic.mj.function.TCPGameFunctions - [100104-SEND_DATA]:{extra=null, nextActionUserId=321873, wsw_sole_action_id=28, action=10, state=2, nextAction=[-1], userId=718940, toUserId=null}
2018-07-28 12:55:37,180-[YZT] [INFO] pool-4-thread-12 com.yzt.logic.mj.executer.Executer - 请求处理时间：7
2018-07-28 12:55:37,359-[YZT] [INFO] pool-4-thread-13 com.yzt.logic.mj.executer.Executer - [100201-RECEIVE_DATE]:{wsw_sole_action_id=28, action=-1, interfaceId=100201, userId=321873, roomId=605742}
2018-07-28 12:55:37,359-[YZT] [INFO] pool-4-thread-13 com.yzt.logic.mj.function.TCPGameFunctions - 游戏内主逻辑,interfaceId -> 100201
2018-07-28 12:55:37,360-[YZT] [INFO] pool-4-thread-13 com.yzt.logic.mj.function.TCPGameFunctions - -1 请求发牌!
2018-07-28 12:55:37,362-[YZT] [INFO] pool-4-thread-13 com.yzt.logic.mj.function.TCPGameFunctions - [100104-SEND_DATA]:{wsw_sole_action_id=29, action=-1, state=2, userId=321873}
2018-07-28 12:55:37,362-[YZT] [INFO] pool-4-thread-13 com.yzt.logic.mj.function.TCPGameFunctions - [100104-SEND_DATA]:{wsw_sole_action_id=29, action=-1, state=2, userId=321873}
2018-07-28 12:55:37,363-[YZT] [INFO] pool-4-thread-13 com.yzt.logic.mj.function.TCPGameFunctions - [100104-SEND_DATA]:{wsw_sole_action_id=29, action=-1, state=2, userId=321873}
2018-07-28 12:55:37,363-[YZT] [INFO] pool-4-thread-13 com.yzt.logic.mj.function.TCPGameFunctions - [100104-SEND_DATA]:{extra=22, nextActionUserId=321873, wsw_sole_action_id=29, action=-1, state=2, nextAction=[174, 231, 0], userId=321873}
2018-07-28 12:55:37,364-[YZT] [INFO] pool-4-thread-13 com.yzt.logic.mj.executer.Executer - 请求处理时间：5
2018-07-28 12:55:37,396-[YZT] [INFO] pool-4-thread-14 com.yzt.logic.mj.executer.Executer - [999998-RECEIVE_DATE]:{interfaceId=999998, roomId=605742}
2018-07-28 12:55:37,396-[YZT] [INFO] pool-4-thread-14 com.yzt.logic.mj.function.TCPGameFunctions - [999998-SEND_DATA]:{"pais":[13,26,11,13,16,11,22,32,1,21,21,9,17,18,12,9,19,15,20,25,14,18,20,7,1,3,21,6,1,1,13,27,11,27,5,2,25,8,14,24,10,32,17,8,5]}
2018-07-28 12:55:37,398-[YZT] [INFO] pool-4-thread-14 com.yzt.logic.mj.executer.Executer - 请求处理时间：2
2018-07-28 12:55:41,156-[YZT] [INFO] pool-4-thread-15 com.yzt.logic.mj.executer.Executer - [100201-RECEIVE_DATE]:{wsw_sole_action_id=29, action=231, interfaceId=100201, userId=321873, roomId=605742}
2018-07-28 12:55:41,156-[YZT] [INFO] pool-4-thread-15 com.yzt.logic.mj.function.TCPGameFunctions - 游戏内主逻辑,interfaceId -> 100201
2018-07-28 12:55:41,157-[YZT] [INFO] pool-4-thread-15 com.yzt.logic.mj.function.TCPGameFunctions - 玩家点暴漏!!!
2018-07-28 12:55:41,158-[YZT] [INFO] pool-4-thread-15 com.yzt.logic.mj.function.TCPGameFunctions - [100104-SEND_DATA]:{extra=null, wsw_sole_action_id=30, action=231, state=2, userId=321873, toUserId=null}
2018-07-28 12:55:41,160-[YZT] [INFO] pool-4-thread-15 com.yzt.logic.mj.function.TCPGameFunctions - [100104-SEND_DATA]:{extra=null, wsw_sole_action_id=30, action=231, state=2, userId=321873, toUserId=null}
2018-07-28 12:55:41,160-[YZT] [INFO] pool-4-thread-15 com.yzt.logic.mj.function.TCPGameFunctions - [100104-SEND_DATA]:{extra=null, wsw_sole_action_id=30, action=231, state=2, userId=321873, toUserId=null}
2018-07-28 12:55:41,161-[YZT] [INFO] pool-4-thread-15 com.yzt.logic.mj.function.TCPGameFunctions - [100104-SEND_DATA]:{extra=null, nextActionUserId=321873, wsw_sole_action_id=30, action=231, state=2, nextAction=[174], userId=321873, toUserId=null}
2018-07-28 12:55:41,162-[YZT] [INFO] pool-4-thread-15 com.yzt.logic.mj.executer.Executer - 请求处理时间：6
2018-07-28 12:55:42,073-[YZT] [INFO] pool-4-thread-16 com.yzt.logic.mj.executer.Executer - [100201-RECEIVE_DATE]:{wsw_sole_action_id=30, action=174, interfaceId=100201, userId=321873, roomId=605742}
2018-07-28 12:55:42,073-[YZT] [INFO] pool-4-thread-16 com.yzt.logic.mj.function.TCPGameFunctions - 游戏内主逻辑,interfaceId -> 100201
2018-07-28 12:55:42,075-[YZT] [INFO] pool-4-thread-16 com.yzt.logic.mj.function.TCPGameFunctions - 玩家点听牌!!!
2018-07-28 12:55:42,076-[YZT] [INFO] pool-4-thread-16 com.yzt.logic.mj.function.TCPGameFunctions - [100104-SEND_DATA]:{extra=null, nextActionUserId=321873, wsw_sole_action_id=31, action=174, state=2, nextAction=[501], userId=321873, toUserId=null}
2018-07-28 12:55:42,077-[YZT] [INFO] pool-4-thread-16 com.yzt.logic.mj.function.TCPGameFunctions - [100104-SEND_DATA]:{extra=null, nextActionUserId=321873, wsw_sole_action_id=31, action=174, state=2, nextAction=[501], userId=321873, toUserId=null}
2018-07-28 12:55:42,077-[YZT] [INFO] pool-4-thread-16 com.yzt.logic.mj.function.TCPGameFunctions - [100104-SEND_DATA]:{extra=null, nextActionUserId=321873, wsw_sole_action_id=31, action=174, state=2, nextAction=[501], userId=321873, toUserId=null}
2018-07-28 12:55:42,078-[YZT] [INFO] pool-4-thread-16 com.yzt.logic.mj.function.TCPGameFunctions - [100104-SEND_DATA]:{extra=null, nextActionUserId=321873, wsw_sole_action_id=31, action=174, state=2, nextAction=[501], userId=321873, toUserId=null}
2018-07-28 12:55:42,079-[YZT] [INFO] pool-4-thread-16 com.yzt.logic.mj.executer.Executer - 请求处理时间：6
2018-07-28 12:55:48,286-[YZT] [INFO] nioEventLoopGroup-3-2 com.yzt.logic.mj.adapter.MJLogicAdapter - playerOut============》客户端断开，id为d3128cbd客户端userId406141,当前连接数为：3
2018-07-28 12:55:48,288-[YZT] [INFO] nioEventLoopGroup-3-2 com.yzt.logic.mj.function.TCPGameFunctions - [100109-SEND_DATA]:{state=2, userId=406141}
2018-07-28 12:55:48,503-[YZT] [INFO] nioEventLoopGroup-3-5 com.yzt.logic.mj.adapter.MJLogicAdapter - 新客户端接入，id为23a2fa2c,当前连接数为：4
2018-07-28 12:55:48,524-[YZT] [INFO] pool-4-thread-1 com.yzt.logic.mj.executer.Executer - [100999-RECEIVE_DATE]:{interfaceId=100999}
2018-07-28 12:55:48,524-[YZT] [INFO] pool-4-thread-1 com.yzt.logic.mj.executer.Executer - 请求处理时间：0
2018-07-28 12:55:48,538-[YZT] [INFO] pool-4-thread-2 com.yzt.logic.mj.executer.Executer - [100100-RECEIVE_DATE]:{openId=wsw-21, interfaceId=100100, cId=46}
2018-07-28 12:55:48,541-[YZT] [INFO] pool-4-thread-2 com.yzt.logic.mj.function.TCPGameFunctions - [100109-SEND_DATA]:{state=1, userId=406141}
2018-07-28 12:55:48,544-[YZT] [INFO] pool-4-thread-2 com.yzt.logic.mj.function.TCPGameFunctions - [100100-SEND_DATA]:{currentUser={userImg=http://47.93.61.29:8086/headimg/406141.jpg, gender=1, ip=192.168.1.156, actionList=[80], userName=wsw-21, userId=406141, pais=[10, 11, 26, 14, 14, 26, 16, 12, 25, 25], playStatus=4, userAgree=1, score=0, piao=4, baoLouHu=1, money=9995, ting=0, position=1, state=1, chuList=[32, 6, 12, 21], notice="桦甸麻将本地测试"}, wsw_sole_action_id=31}
2018-07-28 12:55:48,547-[YZT] [INFO] pool-4-thread-2 com.yzt.logic.mj.function.TCPGameFunctions - [100100-SEND_DATA]:{wsw_sole_action_id=31, roomInfo={lastNum=2, zhuangPlayer=406141, currAction=[501], lastChuUserId=718940, xjst=1532753686974, userName=wsw-20, userId=718940, startPosition=null, roomId=605742, playerNum=4, lastFaUserId=321873, baoLouHu=2, createTime=1532753676574, playType=1, currMJNum=45, state=2, position=321873, roomType=1, circleNum=2, currActionUserId=321873}}
2018-07-28 12:55:48,548-[YZT] [INFO] pool-4-thread-2 com.yzt.logic.mj.function.TCPGameFunctions - [100100-SEND_DATA]:{wsw_sole_action_id=31, anotherUsers=[{userImg=http://47.93.61.29:8086/headimg/367381.jpg, gender=1, ip=192.168.1.156, actionList=[], userName=wsw-23, userId=367381, pais=13, playStatus=4, userAgree=1, score=0, piao=4, baoLouHu=1, money=9999, ting=0, position=2, state=1, chuList=[27, 10, 20]}, {userImg=http://47.93.61.29:8086/headimg/718940.jpg, gender=1, ip=192.168.1.156, actionList=[], userName=wsw-20, userId=718940, pais=13, playStatus=4, userAgree=1, score=0, piao=4, baoLouHu=1, money=9923, ting=0, position=3, state=1, chuList=[27, 20, 10]}, {userImg=http://47.93.61.29:8086/headimg/321873.jpg, gender=1, ip=192.168.1.156, actionList=[{extra=94, action=-2}], userName=wsw-22, userId=321873, pais=11, playStatus=4, userAgree=1, score=0, piao=4, baoLouHu=2, money=9999, ting=1, position=4, state=1, chuList=[32, 3]}]}
2018-07-28 12:55:48,551-[YZT] [INFO] pool-4-thread-2 com.yzt.logic.mj.executer.Executer - 请求处理时间：13
2018-07-28 12:55:48,576-[YZT] [INFO] pool-4-thread-3 com.yzt.logic.mj.executer.Executer - [999998-RECEIVE_DATE]:{interfaceId=999998, roomId=605742}
2018-07-28 12:55:48,577-[YZT] [INFO] pool-4-thread-3 com.yzt.logic.mj.function.TCPGameFunctions - [999998-SEND_DATA]:{"pais":[13,26,11,13,16,11,22,32,1,21,21,9,17,18,12,9,19,15,20,25,14,18,20,7,1,3,21,6,1,1,13,27,11,27,5,2,25,8,14,24,10,32,17,8,5]}
2018-07-28 12:55:48,578-[YZT] [INFO] pool-4-thread-3 com.yzt.logic.mj.executer.Executer - 请求处理时间：2
2018-07-28 12:55:52,644-[YZT] [INFO] pool-4-thread-4 com.yzt.logic.mj.executer.Executer - [999997-RECEIVE_DATE]:{interfaceId=999997, userId=406141, roomId=605742, pais=[10,11,12,14,8,8,25,25,26,26]}
2018-07-28 12:55:52,647-[YZT] [INFO] pool-4-thread-4 com.yzt.logic.mj.executer.Executer - 请求处理时间：3
2018-07-28 12:55:53,164-[YZT] [INFO] nioEventLoopGroup-3-5 com.yzt.logic.mj.adapter.MJLogicAdapter - playerOut============》客户端断开，id为23a2fa2c客户端userId406141,当前连接数为：3
2018-07-28 12:55:53,165-[YZT] [INFO] nioEventLoopGroup-3-5 com.yzt.logic.mj.function.TCPGameFunctions - [100109-SEND_DATA]:{state=2, userId=406141}
2018-07-28 12:55:53,321-[YZT] [INFO] nioEventLoopGroup-3-6 com.yzt.logic.mj.adapter.MJLogicAdapter - 新客户端接入，id为2633e397,当前连接数为：4
2018-07-28 12:55:53,331-[YZT] [INFO] pool-4-thread-5 com.yzt.logic.mj.executer.Executer - [100999-RECEIVE_DATE]:{interfaceId=100999}
2018-07-28 12:55:53,332-[YZT] [INFO] pool-4-thread-5 com.yzt.logic.mj.executer.Executer - 请求处理时间：1
2018-07-28 12:55:53,334-[YZT] [INFO] pool-4-thread-6 com.yzt.logic.mj.executer.Executer - [100100-RECEIVE_DATE]:{openId=wsw-21, interfaceId=100100, cId=46}
2018-07-28 12:55:53,336-[YZT] [INFO] pool-4-thread-6 com.yzt.logic.mj.function.TCPGameFunctions - [100109-SEND_DATA]:{state=1, userId=406141}
2018-07-28 12:55:53,338-[YZT] [INFO] pool-4-thread-6 com.yzt.logic.mj.function.TCPGameFunctions - [100100-SEND_DATA]:{currentUser={userImg=http://47.93.61.29:8086/headimg/406141.jpg, gender=1, ip=192.168.1.156, actionList=[80], userName=wsw-21, userId=406141, pais=[10, 11, 12, 14, 8, 8, 25, 25, 26, 26], playStatus=4, userAgree=1, score=0, piao=4, baoLouHu=1, money=9995, ting=0, position=1, state=1, chuList=[32, 6, 12, 21], notice="桦甸麻将本地测试"}, wsw_sole_action_id=31}
2018-07-28 12:55:53,340-[YZT] [INFO] pool-4-thread-6 com.yzt.logic.mj.function.TCPGameFunctions - [100100-SEND_DATA]:{wsw_sole_action_id=31, roomInfo={lastNum=2, zhuangPlayer=406141, currAction=[501], lastChuUserId=718940, xjst=1532753686974, userName=wsw-20, userId=718940, startPosition=null, roomId=605742, playerNum=4, lastFaUserId=321873, baoLouHu=2, createTime=1532753676574, playType=1, currMJNum=45, state=2, position=321873, roomType=1, circleNum=2, currActionUserId=321873}}
2018-07-28 12:55:53,341-[YZT] [INFO] pool-4-thread-6 com.yzt.logic.mj.function.TCPGameFunctions - [100100-SEND_DATA]:{wsw_sole_action_id=31, anotherUsers=[{userImg=http://47.93.61.29:8086/headimg/367381.jpg, gender=1, ip=192.168.1.156, actionList=[], userName=wsw-23, userId=367381, pais=13, playStatus=4, userAgree=1, score=0, piao=4, baoLouHu=1, money=9999, ting=0, position=2, state=1, chuList=[27, 10, 20]}, {userImg=http://47.93.61.29:8086/headimg/718940.jpg, gender=1, ip=192.168.1.156, actionList=[], userName=wsw-20, userId=718940, pais=13, playStatus=4, userAgree=1, score=0, piao=4, baoLouHu=1, money=9923, ting=0, position=3, state=1, chuList=[27, 20, 10]}, {userImg=http://47.93.61.29:8086/headimg/321873.jpg, gender=1, ip=192.168.1.156, actionList=[{extra=94, action=-2}], userName=wsw-22, userId=321873, pais=11, playStatus=4, userAgree=1, score=0, piao=4, baoLouHu=2, money=9999, ting=1, position=4, state=1, chuList=[32, 3]}]}
2018-07-28 12:55:53,346-[YZT] [INFO] pool-4-thread-6 com.yzt.logic.mj.executer.Executer - 请求处理时间：12
2018-07-28 12:55:53,357-[YZT] [INFO] pool-4-thread-7 com.yzt.logic.mj.executer.Executer - [999998-RECEIVE_DATE]:{interfaceId=999998, roomId=605742}
2018-07-28 12:55:53,358-[YZT] [INFO] pool-4-thread-7 com.yzt.logic.mj.function.TCPGameFunctions - [999998-SEND_DATA]:{"pais":[13,26,11,13,16,11,22,32,1,21,21,9,17,18,12,9,19,15,20,25,14,18,20,7,1,3,21,6,1,1,13,27,11,27,5,2,25,8,14,24,10,32,17,8,5]}
2018-07-28 12:55:53,360-[YZT] [INFO] pool-4-thread-7 com.yzt.logic.mj.executer.Executer - 请求处理时间：2
2018-07-28 12:55:54,995-[YZT] [INFO] pool-4-thread-8 com.yzt.logic.mj.executer.Executer - [100201-RECEIVE_DATE]:{wsw_sole_action_id=31, action=8, interfaceId=100201, userId=321873, roomId=605742}
2018-07-28 12:55:54,995-[YZT] [INFO] pool-4-thread-8 com.yzt.logic.mj.function.TCPGameFunctions - 游戏内主逻辑,interfaceId -> 100201
2018-07-28 12:55:54,996-[YZT] [INFO] pool-4-thread-8 com.yzt.logic.mj.function.TCPGameFunctions - 1-34中的牌    出牌!!!
2018-07-28 12:55:54,996-[YZT] [INFO] pool-4-thread-8 com.yzt.logic.mj.function.TCPGameFunctions - 当前的宝牌24
2018-07-28 12:55:54,998-[YZT] [INFO] pool-4-thread-8 com.yzt.logic.mj.function.TCPGameFunctions - [100104-SEND_DATA]:{extra=null, nextActionUserId=406141, wsw_sole_action_id=32, action=8, state=2, nextAction=[0, 64, 204, 231], userId=321873, toUserId=null}
2018-07-28 12:55:54,998-[YZT] [INFO] pool-4-thread-8 com.yzt.logic.mj.function.TCPGameFunctions - [100104-SEND_DATA]:{extra=null, wsw_sole_action_id=32, action=8, state=2, userId=321873, toUserId=null}
2018-07-28 12:55:54,999-[YZT] [INFO] pool-4-thread-8 com.yzt.logic.mj.function.TCPGameFunctions - [100104-SEND_DATA]:{extra=null, wsw_sole_action_id=32, action=8, state=2, userId=321873, toUserId=null}
2018-07-28 12:55:55,000-[YZT] [INFO] pool-4-thread-8 com.yzt.logic.mj.function.TCPGameFunctions - [100104-SEND_DATA]:{extra=null, wsw_sole_action_id=32, action=8, state=2, userId=321873, toUserId=null, baoPai=24}
2018-07-28 12:55:55,000-[YZT] [INFO] pool-4-thread-8 com.yzt.logic.mj.executer.Executer - 请求处理时间：5
2018-07-28 13:06:42,581-[YZT] [INFO] nioEventLoopGroup-3-1 com.yzt.logic.mj.adapter.MJLogicAdapter - playerOut============》客户端断开，id为9b2ffcf1客户端userId718940,当前连接数为：3
2018-07-28 13:06:42,586-[YZT] [INFO] nioEventLoopGroup-3-1 com.yzt.logic.mj.function.TCPGameFunctions - [100109-SEND_DATA]:{state=2, userId=718940}
2018-07-28 13:06:52,932-[YZT] [INFO] nioEventLoopGroup-3-6 com.yzt.logic.mj.adapter.MJLogicAdapter - playerOut============》客户端断开，id为2633e397客户端userId406141,当前连接数为：2
2018-07-28 13:06:52,933-[YZT] [INFO] nioEventLoopGroup-3-6 com.yzt.logic.mj.function.TCPGameFunctions - [100109-SEND_DATA]:{state=2, userId=406141}
2018-07-28 13:06:54,805-[YZT] [INFO] nioEventLoopGroup-3-3 com.yzt.logic.mj.adapter.MJLogicAdapter - playerOut============》客户端断开，id为d1dac605客户端userId321873,当前连接数为：1
2018-07-28 13:06:54,806-[YZT] [INFO] nioEventLoopGroup-3-3 com.yzt.logic.mj.function.TCPGameFunctions - [100109-SEND_DATA]:{state=2, userId=321873}
2018-07-28 13:06:56,096-[YZT] [INFO] nioEventLoopGroup-3-4 com.yzt.logic.mj.adapter.MJLogicAdapter - playerOut============》客户端断开，id为56bc2916客户端userId367381,当前连接数为：0
2018-07-28 13:06:56,097-[YZT] [INFO] nioEventLoopGroup-3-4 com.yzt.logic.mj.function.TCPGameFunctions - [100109-SEND_DATA]:{state=2, userId=367381}
2018-07-28 13:55:28,990-[YZT] [INFO] pool-2-thread-1 com.yzt.logic.util.Schdualed - 每小时清理战绩完成，共清理过期记录0条
2018-07-28 13:55:28,990-[YZT] [INFO] pool-2-thread-1 com.yzt.logic.util.Schdualed - 每小时清理代开战绩完成，共清理过期记录0条
2018-07-28 14:55:12,904-[YZT] [INFO] pool-2-thread-1 com.yzt.logic.util.Schdualed - 每小时清理战绩完成，共清理过期记录0条
2018-07-28 14:55:12,905-[YZT] [INFO] pool-2-thread-1 com.yzt.logic.util.Schdualed - 每小时清理代开战绩完成，共清理过期记录0条
